【登录信息】
*922ef8259237cd0178d7ba4063e49c4f*
`登陆天数: 27天 / 1630天
等级: 129
石头: 5343
呼符: 0
体力: 560.7066666666667 / 138
友情点: 0 / 1363575`
_2024-08-06 17:46:11_
--------
*1690c55967d905d64c7e181029b4ed22*
`登陆天数: 27天 / 1626天
等级: 129
石头: 3704
呼符: 0
体力: 15958.29 / 138
友情点: 0 / 1184775`
_2024-08-06 17:46:19_
--------
*3b839ce50e5388ae1e70883696c7efe2*
`登陆天数: 27天 / 1628天
等级: 129
石头: 3597
呼符: 0
体力: 454.52666666666664 / 138
友情点: 0 / 1128660`
_2024-08-06 17:46:27_
--------
*4f9fb490f9e9cb3550294de96fe70fae*
`登陆天数: 27天 / 1620天
等级: 129
石头: 4329
呼符: 0
体力: 15934.313333333334 / 138
友情点: 0 / 1411490`
_2024-08-06 17:46:35_
--------
*569e5975816751b96ff1bcdcb86f3f36*
`登陆天数: 27天 / 1621天
等级: 129
石头: 4807
呼符: 1
体力: 131.77 / 138
友情点: 0 / 1203500`
_2024-08-06 17:46:43_
--------
