【登录信息】
*922ef8259237cd0178d7ba4063e49c4f*
`登陆天数: 29天 / 1632天
等级: 129
石头: 5343
呼符: 0
体力: 870.7133333333334 / 138
友情点: 0 / 1363575`
*連続ログイン1日目
※ログインが途切れるか、7日到達すると
1日目から再開されます*
`フレンドポイント X 2000
8月交換券(2024) X 1
`*「水着イベント2024」開幕直前カウントダウンログインボーナス*
*開催期間中、1日1回 7日間日替わりでログインボーナスをプレゼント！*
`叡智の業火 X 10
`_2024-08-07 19:36:12_
--------
*1690c55967d905d64c7e181029b4ed22*
`登陆天数: 29天 / 1628天
等级: 129
石头: 3704
呼符: 0
体力: 16268.296666666667 / 138
友情点: 0 / 1184775`
*連続ログイン1日目
※ログインが途切れるか、7日到達すると
1日目から再開されます*
`フレンドポイント X 2000
8月交換券(2024) X 1
`*「水着イベント2024」開幕直前カウントダウンログインボーナス*
*開催期間中、1日1回 7日間日替わりでログインボーナスをプレゼント！*
`叡智の業火 X 10
`_2024-08-07 19:36:20_
--------
*3b839ce50e5388ae1e70883696c7efe2*
`登陆天数: 29天 / 1630天
等级: 129
石头: 3597
呼符: 0
体力: 764.53 / 138
友情点: 0 / 1128660`
*連続ログイン1日目
※ログインが途切れるか、7日到達すると
1日目から再開されます*
`フレンドポイント X 2000
8月交換券(2024) X 1
`*「水着イベント2024」開幕直前カウントダウンログインボーナス*
*開催期間中、1日1回 7日間日替わりでログインボーナスをプレゼント！*
`叡智の業火 X 10
`_2024-08-07 19:36:28_
--------
*4f9fb490f9e9cb3550294de96fe70fae*
`登陆天数: 29天 / 1622天
等级: 129
石头: 4329
呼符: 0
体力: 16244.316666666668 / 138
友情点: 0 / 1411490`
*連続ログイン1日目
※ログインが途切れるか、7日到達すると
1日目から再開されます*
`フレンドポイント X 2000
8月交換券(2024) X 1
`*「水着イベント2024」開幕直前カウントダウンログインボーナス*
*開催期間中、1日1回 7日間日替わりでログインボーナスをプレゼント！*
`叡智の業火 X 10
`_2024-08-07 19:36:36_
--------
*569e5975816751b96ff1bcdcb86f3f36*
`登陆天数: 29天 / 1623天
等级: 129
石头: 4807
呼符: 1
体力: 441.77666666666664 / 138
友情点: 0 / 1203500`
*連続ログイン1日目
※ログインが途切れるか、7日到達すると
1日目から再開されます*
`フレンドポイント X 2000
8月交換券(2024) X 1
`*「水着イベント2024」開幕直前カウントダウンログインボーナス*
*開催期間中、1日1回 7日間日替わりでログインボーナスをプレゼント！*
`叡智の業火 X 10
`_2024-08-07 19:36:44_
--------
