【登录信息】
*922ef8259237cd0178d7ba4063e49c4f*
`登陆天数: 30天 / 1633天
等级: 129
石头: 5343
呼符: 0
体力: 1159.1133333333332 / 138
友情点: 0 / 1363575`
*連続ログイン2日目
※ログインが途切れるか、7日到達すると
1日目から再開されます*
`聖晶石 X 1
8月交換券(2024) X 1
`*「水着イベント2024」開幕直前カウントダウンログインボーナス*
*開催期間中、1日1回 7日間日替わりでログインボーナスをプレゼント！*
`黄金の果実 X 1
`_2024-08-08 19:38:12_
--------
*1690c55967d905d64c7e181029b4ed22*
`登陆天数: 30天 / 1629天
等级: 129
石头: 3704
呼符: 0
体力: 16556.696666666667 / 138
友情点: 0 / 1184775`
*連続ログイン2日目
※ログインが途切れるか、7日到達すると
1日目から再開されます*
`聖晶石 X 1
8月交換券(2024) X 1
`*「水着イベント2024」開幕直前カウントダウンログインボーナス*
*開催期間中、1日1回 7日間日替わりでログインボーナスをプレゼント！*
`黄金の果実 X 1
`_2024-08-08 19:38:20_
--------
*3b839ce50e5388ae1e70883696c7efe2*
`登陆天数: 30天 / 1631天
等级: 129
石头: 3597
呼符: 0
体力: 1052.9299999999998 / 138
友情点: 0 / 1128660`
*連続ログイン2日目
※ログインが途切れるか、7日到達すると
1日目から再開されます*
`聖晶石 X 1
8月交換券(2024) X 1
`*「水着イベント2024」開幕直前カウントダウンログインボーナス*
*開催期間中、1日1回 7日間日替わりでログインボーナスをプレゼント！*
`黄金の果実 X 1
`_2024-08-08 19:38:28_
--------
*4f9fb490f9e9cb3550294de96fe70fae*
`登陆天数: 30天 / 1623天
等级: 129
石头: 4329
呼符: 0
体力: 16532.716666666667 / 138
友情点: 0 / 1411490`
*連続ログイン2日目
※ログインが途切れるか、7日到達すると
1日目から再開されます*
`聖晶石 X 1
8月交換券(2024) X 1
`*「水着イベント2024」開幕直前カウントダウンログインボーナス*
*開催期間中、1日1回 7日間日替わりでログインボーナスをプレゼント！*
`黄金の果実 X 1
`_2024-08-08 19:38:36_
--------
*569e5975816751b96ff1bcdcb86f3f36*
`登陆天数: 30天 / 1624天
等级: 129
石头: 4843
呼符: 1
体力: 730.1766666666666 / 138
友情点: 0 / 1203500`
*連続ログイン2日目
※ログインが途切れるか、7日到達すると
1日目から再開されます*
`聖晶石 X 1
8月交換券(2024) X 1
`*使用期限付コンティニューアイテムプレゼント！*
*開催期間中、1日1回 最大7回 コンティニューアイテム「霊脈石」をプレゼント！*
`霊脈石 X 1
`_2024-08-08 19:38:44_
--------
