【登录信息】
*922ef8259237cd0178d7ba4063e49c4f*
`登陆天数: 31天 / 1634天
等级: 129
石头: 5343
呼符: 0
体力: 1446.8166666666666 / 138
友情点: 0 / 1363575`
*連続ログイン3日目
※ログインが途切れるか、7日到達すると
1日目から再開されます*
`叡智の業火 X 1
8月交換券(2024) X 1
`*リリース3300日突破キャンペーン 初回ログインボーナス*
*開催期間中、初回ログインで「聖晶石×10」をプレゼント！*
`聖晶石 X 10
`_2024-08-09 19:36:43_
--------
*1690c55967d905d64c7e181029b4ed22*
`登陆天数: 31天 / 1630天
等级: 129
石头: 3704
呼符: 0
体力: 16844.4 / 138
友情点: 0 / 1184775`
*連続ログイン3日目
※ログインが途切れるか、7日到達すると
1日目から再開されます*
`叡智の業火 X 1
8月交換券(2024) X 1
`*リリース3300日突破キャンペーン 初回ログインボーナス*
*開催期間中、初回ログインで「聖晶石×10」をプレゼント！*
`聖晶石 X 10
`_2024-08-09 19:36:51_
--------
*3b839ce50e5388ae1e70883696c7efe2*
`登陆天数: 31天 / 1632天
等级: 129
石头: 3597
呼符: 0
体力: 1340.6333333333334 / 138
友情点: 0 / 1128660`
*連続ログイン3日目
※ログインが途切れるか、7日到達すると
1日目から再開されます*
`叡智の業火 X 1
8月交換券(2024) X 1
`*リリース3300日突破キャンペーン 初回ログインボーナス*
*開催期間中、初回ログインで「聖晶石×10」をプレゼント！*
`聖晶石 X 10
`_2024-08-09 19:36:59_
--------
*4f9fb490f9e9cb3550294de96fe70fae*
`登陆天数: 31天 / 1624天
等级: 129
石头: 4329
呼符: 0
体力: 16820.423333333332 / 138
友情点: 0 / 1411490`
*連続ログイン3日目
※ログインが途切れるか、7日到達すると
1日目から再開されます*
`叡智の業火 X 1
8月交換券(2024) X 1
`*リリース3300日突破キャンペーン 初回ログインボーナス*
*開催期間中、初回ログインで「聖晶石×10」をプレゼント！*
`聖晶石 X 10
`_2024-08-09 19:37:08_
--------
*569e5975816751b96ff1bcdcb86f3f36*
`登陆天数: 31天 / 1625天
等级: 129
石头: 4843
呼符: 1
体力: 1017.8833333333333 / 138
友情点: 0 / 1203500`
*連続ログイン3日目
※ログインが途切れるか、7日到達すると
1日目から再開されます*
`叡智の業火 X 1
8月交換券(2024) X 1
`*リリース3300日突破キャンペーン 初回ログインボーナス*
*開催期間中、初回ログインで「聖晶石×10」をプレゼント！*
`聖晶石 X 10
`_2024-08-09 19:37:16_
--------
