【登录信息】
*922ef8259237cd0178d7ba4063e49c4f*
`登陆天数: 32天 / 1635天
等级: 129
石头: 5343
呼符: 0
体力: 1734.6666666666667 / 138
友情点: 0 / 1363575`
*連続ログイン4日目
※ログインが途切れるか、7日到達すると
1日目から再開されます*
`聖晶石 X 1
8月交換券(2024) X 1
`*「水着イベント2024」開幕直前カウントダウンログインボーナス*
*開催期間中、1日1回 7日間日替わりでログインボーナスをプレゼント！*
`黄金の果実 X 1
`_2024-08-10 19:35:58_
--------
*1690c55967d905d64c7e181029b4ed22*
`登陆天数: 32天 / 1631天
等级: 129
石头: 3704
呼符: 0
体力: 17132.25 / 138
友情点: 0 / 1184775`
*連続ログイン4日目
※ログインが途切れるか、7日到達すると
1日目から再開されます*
`聖晶石 X 1
8月交換券(2024) X 1
`*「水着イベント2024」開幕直前カウントダウンログインボーナス*
*開催期間中、1日1回 7日間日替わりでログインボーナスをプレゼント！*
`黄金の果実 X 1
`_2024-08-10 19:36:06_
--------
*3b839ce50e5388ae1e70883696c7efe2*
`登陆天数: 32天 / 1633天
等级: 129
石头: 3597
呼符: 0
体力: 1628.4833333333333 / 138
友情点: 0 / 1128660`
*連続ログイン4日目
※ログインが途切れるか、7日到達すると
1日目から再開されます*
`聖晶石 X 1
8月交換券(2024) X 1
`*「水着イベント2024」開幕直前カウントダウンログインボーナス*
*開催期間中、1日1回 7日間日替わりでログインボーナスをプレゼント！*
`黄金の果実 X 1
`_2024-08-10 19:36:14_
--------
*4f9fb490f9e9cb3550294de96fe70fae*
`登陆天数: 32天 / 1625天
等级: 129
石头: 4329
呼符: 0
体力: 17108.273333333334 / 138
友情点: 0 / 1411490`
*連続ログイン4日目
※ログインが途切れるか、7日到達すると
1日目から再開されます*
`聖晶石 X 1
8月交換券(2024) X 1
`*「水着イベント2024」開幕直前カウントダウンログインボーナス*
*開催期間中、1日1回 7日間日替わりでログインボーナスをプレゼント！*
`黄金の果実 X 1
`_2024-08-10 19:36:23_
--------
*569e5975816751b96ff1bcdcb86f3f36*
`登陆天数: 32天 / 1626天
等级: 129
石头: 4843
呼符: 1
体力: 1305.7333333333333 / 138
友情点: 0 / 1203500`
*連続ログイン4日目
※ログインが途切れるか、7日到達すると
1日目から再開されます*
`聖晶石 X 1
8月交換券(2024) X 1
`*「水着イベント2024」開幕直前カウントダウンログインボーナス*
*開催期間中、1日1回 7日間日替わりでログインボーナスをプレゼント！*
`黄金の果実 X 1
`_2024-08-10 19:36:31_
--------
