【登录信息】
*922ef8259237cd0178d7ba4063e49c4f*
`登陆天数: 33天 / 1636天
等级: 129
石头: 5343
呼符: 0
体力: 2022.9466666666667 / 138
友情点: 0 / 1363575`
*連続ログイン5日目
※ログインが途切れるか、7日到達すると
1日目から再開されます*
`叡智の業火 X 2
8月交換券(2024) X 1
`*「水着イベント2024」開幕直前カウントダウンログインボーナス*
*開催期間中、1日1回 7日間日替わりでログインボーナスをプレゼント！*
`英霊結晶・太陽のフォウくん X 10
`_2024-08-11 19:37:22_
--------
*1690c55967d905d64c7e181029b4ed22*
`登陆天数: 33天 / 1632天
等级: 129
石头: 3704
呼符: 0
体力: 17420.53 / 138
友情点: 0 / 1184775`
*連続ログイン5日目
※ログインが途切れるか、7日到達すると
1日目から再開されます*
`叡智の業火 X 2
8月交換券(2024) X 1
`*「水着イベント2024」開幕直前カウントダウンログインボーナス*
*開催期間中、1日1回 7日間日替わりでログインボーナスをプレゼント！*
`英霊結晶・太陽のフォウくん X 10
`_2024-08-11 19:37:30_
--------
*3b839ce50e5388ae1e70883696c7efe2*
`登陆天数: 33天 / 1634天
等级: 129
石头: 3597
呼符: 0
体力: 1916.7633333333333 / 138
友情点: 0 / 1128660`
*連続ログイン5日目
※ログインが途切れるか、7日到達すると
1日目から再開されます*
`叡智の業火 X 2
8月交換券(2024) X 1
`*「水着イベント2024」開幕直前カウントダウンログインボーナス*
*開催期間中、1日1回 7日間日替わりでログインボーナスをプレゼント！*
`英霊結晶・太陽のフォウくん X 10
`_2024-08-11 19:37:38_
--------
*4f9fb490f9e9cb3550294de96fe70fae*
`登陆天数: 33天 / 1626天
等级: 129
石头: 4329
呼符: 0
体力: 17396.55 / 138
友情点: 0 / 1411490`
*連続ログイン5日目
※ログインが途切れるか、7日到達すると
1日目から再開されます*
`叡智の業火 X 2
8月交換券(2024) X 1
`*「水着イベント2024」開幕直前カウントダウンログインボーナス*
*開催期間中、1日1回 7日間日替わりでログインボーナスをプレゼント！*
`英霊結晶・太陽のフォウくん X 10
`_2024-08-11 19:37:46_
--------
*569e5975816751b96ff1bcdcb86f3f36*
`登陆天数: 33天 / 1627天
等级: 129
石头: 4843
呼符: 1
体力: 1594.01 / 138
友情点: 0 / 1203500`
*連続ログイン5日目
※ログインが途切れるか、7日到達すると
1日目から再開されます*
`叡智の業火 X 2
8月交換券(2024) X 1
`*「水着イベント2024」開幕直前カウントダウンログインボーナス*
*開催期間中、1日1回 7日間日替わりでログインボーナスをプレゼント！*
`英霊結晶・太陽のフォウくん X 10
`_2024-08-11 19:37:54_
--------
