【登录信息】
*922ef8259237cd0178d7ba4063e49c4f*
`登陆天数: 34天 / 1637天
等级: 129
石头: 5343
呼符: 0
体力: 2310.7366666666667 / 138
友情点: 0 / 1363575`
*連続ログイン6日目
※ログインが途切れるか、7日到達すると
1日目から再開されます*
`聖晶石 X 2
8月交換券(2024) X 1
`*「水着イベント2024」開幕直前カウントダウンログインボーナス*
*開催期間中、1日1回 7日間日替わりでログインボーナスをプレゼント！*
`黄金の果実 X 1
`_2024-08-12 19:36:19_
--------
*1690c55967d905d64c7e181029b4ed22*
`登陆天数: 34天 / 1633天
等级: 129
石头: 3704
呼符: 0
体力: 17708.32 / 138
友情点: 0 / 1184775`
*連続ログイン6日目
※ログインが途切れるか、7日到達すると
1日目から再開されます*
`聖晶石 X 2
8月交換券(2024) X 1
`*「水着イベント2024」開幕直前カウントダウンログインボーナス*
*開催期間中、1日1回 7日間日替わりでログインボーナスをプレゼント！*
`黄金の果実 X 1
`_2024-08-12 19:36:27_
--------
*3b839ce50e5388ae1e70883696c7efe2*
`登陆天数: 34天 / 1635天
等级: 129
石头: 3597
呼符: 0
体力: 2204.5533333333333 / 138
友情点: 0 / 1128660`
*連続ログイン6日目
※ログインが途切れるか、7日到達すると
1日目から再開されます*
`聖晶石 X 2
8月交換券(2024) X 1
`*「水着イベント2024」開幕直前カウントダウンログインボーナス*
*開催期間中、1日1回 7日間日替わりでログインボーナスをプレゼント！*
`黄金の果実 X 1
`_2024-08-12 19:36:36_
--------
*4f9fb490f9e9cb3550294de96fe70fae*
`登陆天数: 34天 / 1627天
等级: 129
石头: 4329
呼符: 0
体力: 17684.343333333334 / 138
友情点: 0 / 1411490`
*連続ログイン6日目
※ログインが途切れるか、7日到達すると
1日目から再開されます*
`聖晶石 X 2
8月交換券(2024) X 1
`*「水着イベント2024」開幕直前カウントダウンログインボーナス*
*開催期間中、1日1回 7日間日替わりでログインボーナスをプレゼント！*
`黄金の果実 X 1
`_2024-08-12 19:36:44_
--------
*569e5975816751b96ff1bcdcb86f3f36*
`登陆天数: 34天 / 1628天
等级: 129
石头: 4843
呼符: 1
体力: 1881.8033333333333 / 138
友情点: 0 / 1203500`
*連続ログイン6日目
※ログインが途切れるか、7日到達すると
1日目から再開されます*
`聖晶石 X 2
8月交換券(2024) X 1
`*「水着イベント2024」開幕直前カウントダウンログインボーナス*
*開催期間中、1日1回 7日間日替わりでログインボーナスをプレゼント！*
`黄金の果実 X 1
`_2024-08-12 19:36:52_
--------
