【登录信息】
*922ef8259237cd0178d7ba4063e49c4f*
`登陆天数: 35天 / 1638天
等级: 129
石头: 5343
呼符: 0
体力: 2598.7166666666667 / 138
友情点: 0 / 1363575`
*連続ログイン7日間到達おめでとうございます！
明日は1日目からリスタートされます。*
`獣の足跡 X 1
呼符 X 1
8月交換券(2024) X 1
`*「水着イベント2024」開幕直前カウントダウンログインボーナス*
*開催期間中、1日1回 7日間日替わりでログインボーナスをプレゼント！*
`獣の足跡 X 1
`_2024-08-13 19:36:14_
--------
*1690c55967d905d64c7e181029b4ed22*
`登陆天数: 35天 / 1634天
等级: 129
石头: 3704
呼符: 0
体力: 17996.3 / 138
友情点: 0 / 1184775`
*連続ログイン7日間到達おめでとうございます！
明日は1日目からリスタートされます。*
`獣の足跡 X 1
呼符 X 1
8月交換券(2024) X 1
`*「水着イベント2024」開幕直前カウントダウンログインボーナス*
*開催期間中、1日1回 7日間日替わりでログインボーナスをプレゼント！*
`獣の足跡 X 1
`_2024-08-13 19:36:22_
--------
*3b839ce50e5388ae1e70883696c7efe2*
`登陆天数: 35天 / 1636天
等级: 129
石头: 3597
呼符: 0
体力: 2492.5333333333333 / 138
友情点: 0 / 1128660`
*連続ログイン7日間到達おめでとうございます！
明日は1日目からリスタートされます。*
`獣の足跡 X 1
呼符 X 1
8月交換券(2024) X 1
`*「水着イベント2024」開幕直前カウントダウンログインボーナス*
*開催期間中、1日1回 7日間日替わりでログインボーナスをプレゼント！*
`獣の足跡 X 1
`_2024-08-13 19:36:29_
--------
*4f9fb490f9e9cb3550294de96fe70fae*
`登陆天数: 35天 / 1628天
等级: 129
石头: 4329
呼符: 0
体力: 17972.32 / 138
友情点: 0 / 1411490`
*連続ログイン7日間到達おめでとうございます！
明日は1日目からリスタートされます。*
`獣の足跡 X 1
呼符 X 1
8月交換券(2024) X 1
`*「水着イベント2024」開幕直前カウントダウンログインボーナス*
*開催期間中、1日1回 7日間日替わりでログインボーナスをプレゼント！*
`獣の足跡 X 1
`_2024-08-13 19:36:37_
--------
*569e5975816751b96ff1bcdcb86f3f36*
`登陆天数: 35天 / 1629天
等级: 129
石头: 4843
呼符: 1
体力: 2169.7766666666666 / 138
友情点: 0 / 1203500`
*連続ログイン7日間到達おめでとうございます！
明日は1日目からリスタートされます。*
`獣の足跡 X 1
呼符 X 1
8月交換券(2024) X 1
`*「水着イベント2024」開幕直前カウントダウンログインボーナス*
*開催期間中、1日1回 7日間日替わりでログインボーナスをプレゼント！*
`獣の足跡 X 1
`_2024-08-13 19:36:45_
--------
