【登录信息】
*922ef8259237cd0178d7ba4063e49c4f*
`登陆天数: 36天 / 1639天
等级: 129
石头: 5343
呼符: 0
体力: 2886.826666666667 / 138
友情点: 0 / 1363575`
*連続ログイン1日目
※ログインが途切れるか、7日到達すると
1日目から再開されます*
`フレンドポイント X 2000
8月交換券(2024) X 1
`*FGOカルデア放送局 ライト版 ～水着イベント2024～ 放送記念 初回ログインボーナス*
*開催期間中、初回ログインで「聖晶石×14」をプレゼント！*
`聖晶石 X 14
`_2024-08-14 19:36:47_
--------
*1690c55967d905d64c7e181029b4ed22*
`登陆天数: 36天 / 1635天
等级: 129
石头: 3704
呼符: 0
体力: 18284.413333333334 / 138
友情点: 0 / 1184775`
*連続ログイン1日目
※ログインが途切れるか、7日到達すると
1日目から再開されます*
`フレンドポイント X 2000
8月交換券(2024) X 1
`*FGOカルデア放送局 ライト版 ～水着イベント2024～ 放送記念 初回ログインボーナス*
*開催期間中、初回ログインで「聖晶石×14」をプレゼント！*
`聖晶石 X 14
`_2024-08-14 19:36:55_
--------
*3b839ce50e5388ae1e70883696c7efe2*
`登陆天数: 36天 / 1637天
等级: 129
石头: 3597
呼符: 0
体力: 2780.6466666666665 / 138
友情点: 0 / 1128660`
*連続ログイン1日目
※ログインが途切れるか、7日到達すると
1日目から再開されます*
`フレンドポイント X 2000
8月交換券(2024) X 1
`*FGOカルデア放送局 ライト版 ～水着イベント2024～ 放送記念 初回ログインボーナス*
*開催期間中、初回ログインで「聖晶石×14」をプレゼント！*
`聖晶石 X 14
`_2024-08-14 19:37:03_
--------
*4f9fb490f9e9cb3550294de96fe70fae*
`登陆天数: 36天 / 1629天
等级: 129
石头: 4329
呼符: 0
体力: 18260.433333333334 / 138
友情点: 0 / 1411490`
*連続ログイン1日目
※ログインが途切れるか、7日到達すると
1日目から再開されます*
`フレンドポイント X 2000
8月交換券(2024) X 1
`*FGOカルデア放送局 ライト版 ～水着イベント2024～ 放送記念 初回ログインボーナス*
*開催期間中、初回ログインで「聖晶石×14」をプレゼント！*
`聖晶石 X 14
`_2024-08-14 19:37:11_
--------
*569e5975816751b96ff1bcdcb86f3f36*
`登陆天数: 36天 / 1630天
等级: 129
石头: 4843
呼符: 1
体力: 2457.8933333333334 / 138
友情点: 0 / 1203500`
*連続ログイン1日目
※ログインが途切れるか、7日到達すると
1日目から再開されます*
`フレンドポイント X 2000
8月交換券(2024) X 1
`*FGOカルデア放送局 ライト版 ～水着イベント2024～ 放送記念 初回ログインボーナス*
*開催期間中、初回ログインで「聖晶石×14」をプレゼント！*
`聖晶石 X 14
`_2024-08-14 19:37:19_
--------
