【登录信息】
*922ef8259237cd0178d7ba4063e49c4f*
`登陆天数: 37天 / 1640天
等级: 129
石头: 5383
呼符: 0
体力: 3174.866666666667 / 138
友情点: 0 / 1367575`
*連続ログイン2日目
※ログインが途切れるか、7日到達すると
1日目から再開されます*
`聖晶石 X 1
8月交換券(2024) X 1
`*ＢＢプレゼンツ☆セレブサマー・エクスペリエンス！ 開幕記念 ログインボーナス*
*開催期間中、1日1回 最大78回 ログインボーナスをプレゼント！*
`白銀の果実 X 1
`_2024-08-15 19:36:58_
--------
*1690c55967d905d64c7e181029b4ed22*
`登陆天数: 37天 / 1636天
等级: 129
石头: 3704
呼符: 0
体力: 18572.45 / 138
友情点: 0 / 1184775`
*連続ログイン2日目
※ログインが途切れるか、7日到達すると
1日目から再開されます*
`聖晶石 X 1
8月交換券(2024) X 1
`*ＢＢプレゼンツ☆セレブサマー・エクスペリエンス！ 開幕記念 ログインボーナス*
*開催期間中、1日1回 最大78回 ログインボーナスをプレゼント！*
`白銀の果実 X 1
`_2024-08-15 19:37:06_
--------
*3b839ce50e5388ae1e70883696c7efe2*
`登陆天数: 37天 / 1638天
等级: 129
石头: 3597
呼符: 0
体力: 3068.6833333333334 / 138
友情点: 0 / 1128660`
*連続ログイン2日目
※ログインが途切れるか、7日到達すると
1日目から再開されます*
`聖晶石 X 1
8月交換券(2024) X 1
`*ＢＢプレゼンツ☆セレブサマー・エクスペリエンス！ 開幕記念 ログインボーナス*
*開催期間中、1日1回 最大78回 ログインボーナスをプレゼント！*
`白銀の果実 X 1
`_2024-08-15 19:37:14_
--------
*4f9fb490f9e9cb3550294de96fe70fae*
`登陆天数: 37天 / 1630天
等级: 129
石头: 4329
呼符: 0
体力: 18548.47 / 138
友情点: 0 / 1411490`
*連続ログイン2日目
※ログインが途切れるか、7日到達すると
1日目から再開されます*
`聖晶石 X 1
8月交換券(2024) X 1
`*ＢＢプレゼンツ☆セレブサマー・エクスペリエンス！ 開幕記念 ログインボーナス*
*開催期間中、1日1回 最大78回 ログインボーナスをプレゼント！*
`白銀の果実 X 1
`_2024-08-15 19:37:22_
--------
*569e5975816751b96ff1bcdcb86f3f36*
`登陆天数: 37天 / 1631天
等级: 129
石头: 4843
呼符: 1
体力: 2745.93 / 138
友情点: 0 / 1203500`
*連続ログイン2日目
※ログインが途切れるか、7日到達すると
1日目から再開されます*
`聖晶石 X 1
8月交換券(2024) X 1
`*ＢＢプレゼンツ☆セレブサマー・エクスペリエンス！ 開幕記念 ログインボーナス*
*開催期間中、1日1回 最大78回 ログインボーナスをプレゼント！*
`白銀の果実 X 1
`_2024-08-15 19:37:31_
--------
