【登录信息】
*922ef8259237cd0178d7ba4063e49c4f*
`登陆天数: 39天 / 1642天
等级: 129
石头: 5383
呼符: 0
体力: 3750.6966666666667 / 138
友情点: 0 / 1367575`
*連続ログイン4日目
※ログインが途切れるか、7日到達すると
1日目から再開されます*
`聖晶石 X 1
8月交換券(2024) X 1
`*ＢＢプレゼンツ☆セレブサマー・エクスペリエンス！ 開幕記念 ログインボーナス*
*開催期間中、1日1回 最大78回 ログインボーナスをプレゼント！*
`白銀の果実 X 1
`_2024-08-17 19:36:08_
--------
*1690c55967d905d64c7e181029b4ed22*
`登陆天数: 39天 / 1638天
等级: 129
石头: 3614
呼符: 0
体力: 19148.28 / 138
友情点: 0 / 1184775`
*連続ログイン4日目
※ログインが途切れるか、7日到達すると
1日目から再開されます*
`聖晶石 X 1
8月交換券(2024) X 1
`*ＢＢプレゼンツ☆セレブサマー・エクスペリエンス！ 開幕記念 ログインボーナス*
*開催期間中、1日1回 最大78回 ログインボーナスをプレゼント！*
`白銀の果実 X 1
`_2024-08-17 19:36:15_
--------
*3b839ce50e5388ae1e70883696c7efe2*
`登陆天数: 39天 / 1640天
等级: 129
石头: 3597
呼符: 0
体力: 3644.5133333333333 / 138
友情点: 0 / 1128660`
*連続ログイン4日目
※ログインが途切れるか、7日到達すると
1日目から再開されます*
`聖晶石 X 1
8月交換券(2024) X 1
`*ＢＢプレゼンツ☆セレブサマー・エクスペリエンス！ 開幕記念 ログインボーナス*
*開催期間中、1日1回 最大78回 ログインボーナスをプレゼント！*
`白銀の果実 X 1
`_2024-08-17 19:36:23_
--------
*4f9fb490f9e9cb3550294de96fe70fae*
`登陆天数: 39天 / 1632天
等级: 129
石头: 4329
呼符: 0
体力: 19124.3 / 138
友情点: 0 / 1411490`
*連続ログイン4日目
※ログインが途切れるか、7日到達すると
1日目から再開されます*
`聖晶石 X 1
8月交換券(2024) X 1
`*ＢＢプレゼンツ☆セレブサマー・エクスペリエンス！ 開幕記念 ログインボーナス*
*開催期間中、1日1回 最大78回 ログインボーナスをプレゼント！*
`白銀の果実 X 1
`_2024-08-17 19:36:31_
--------
*569e5975816751b96ff1bcdcb86f3f36*
`登陆天数: 39天 / 1633天
等级: 129
石头: 4843
呼符: 1
体力: 3321.76 / 138
友情点: 0 / 1203500`
*連続ログイン4日目
※ログインが途切れるか、7日到達すると
1日目から再開されます*
`聖晶石 X 1
8月交換券(2024) X 1
`*ＢＢプレゼンツ☆セレブサマー・エクスペリエンス！ 開幕記念 ログインボーナス*
*開催期間中、1日1回 最大78回 ログインボーナスをプレゼント！*
`白銀の果実 X 1
`_2024-08-17 19:36:39_
--------
