【登录信息】
*922ef8259237cd0178d7ba4063e49c4f*
`登陆天数: 43天 / 1646天
等级: 129
石头: 5383
呼符: 0
体力: 4902.71 / 138
友情点: 0 / 1367575`
*連続ログイン1日目
※ログインが途切れるか、7日到達すると
1日目から再開されます*
`フレンドポイント X 2000
8月交換券(2024) X 1
`*ＢＢプレゼンツ☆セレブサマー・エクスペリエンス！ 開幕記念 ログインボーナス*
*開催期間中、1日1回 最大78回 ログインボーナスをプレゼント！*
`黄金の果実 X 1
`_2024-08-21 19:36:12_
--------
*1690c55967d905d64c7e181029b4ed22*
`登陆天数: 43天 / 1642天
等级: 129
石头: 3614
呼符: 0
体力: 20300.296666666665 / 138
友情点: 0 / 1184775`
*連続ログイン1日目
※ログインが途切れるか、7日到達すると
1日目から再開されます*
`フレンドポイント X 2000
8月交換券(2024) X 1
`*ＢＢプレゼンツ☆セレブサマー・エクスペリエンス！ 開幕記念 ログインボーナス*
*開催期間中、1日1回 最大78回 ログインボーナスをプレゼント！*
`黄金の果実 X 1
`_2024-08-21 19:36:20_
--------
*3b839ce50e5388ae1e70883696c7efe2*
`登陆天数: 43天 / 1644天
等级: 129
石头: 3597
呼符: 0
体力: 4796.533333333334 / 138
友情点: 0 / 1128660`
*連続ログイン1日目
※ログインが途切れるか、7日到達すると
1日目から再開されます*
`フレンドポイント X 2000
8月交換券(2024) X 1
`*ＢＢプレゼンツ☆セレブサマー・エクスペリエンス！ 開幕記念 ログインボーナス*
*開催期間中、1日1回 最大78回 ログインボーナスをプレゼント！*
`黄金の果実 X 1
`_2024-08-21 19:36:29_
--------
*4f9fb490f9e9cb3550294de96fe70fae*
`登陆天数: 43天 / 1636天
等级: 129
石头: 4329
呼符: 0
体力: 20276.32 / 138
友情点: 0 / 1411490`
*連続ログイン1日目
※ログインが途切れるか、7日到達すると
1日目から再開されます*
`フレンドポイント X 2000
8月交換券(2024) X 1
`*ＢＢプレゼンツ☆セレブサマー・エクスペリエンス！ 開幕記念 ログインボーナス*
*開催期間中、1日1回 最大78回 ログインボーナスをプレゼント！*
`黄金の果実 X 1
`_2024-08-21 19:36:37_
--------
*569e5975816751b96ff1bcdcb86f3f36*
`登陆天数: 43天 / 1637天
等级: 129
石头: 4843
呼符: 1
体力: 4473.78 / 138
友情点: 0 / 1203500`
*連続ログイン1日目
※ログインが途切れるか、7日到達すると
1日目から再開されます*
`フレンドポイント X 2000
8月交換券(2024) X 1
`*ＢＢプレゼンツ☆セレブサマー・エクスペリエンス！ 開幕記念 ログインボーナス*
*開催期間中、1日1回 最大78回 ログインボーナスをプレゼント！*
`黄金の果実 X 1
`_2024-08-21 19:36:45_
--------
