【登录信息】
*922ef8259237cd0178d7ba4063e49c4f*
`登陆天数: 45天 / 1648天
等级: 129
石头: 5383
呼符: 0
体力: 5478.673333333333 / 138
友情点: 0 / 1367575`
*連続ログイン3日目
※ログインが途切れるか、7日到達すると
1日目から再開されます*
`叡智の業火 X 1
8月交換券(2024) X 1
`*ＢＢプレゼンツ☆セレブサマー・エクスペリエンス！ 開幕記念 ログインボーナス*
*開催期間中、1日1回 最大78回 ログインボーナスをプレゼント！*
`白銀の果実 X 1
`_2024-08-23 19:36:00_
--------
*1690c55967d905d64c7e181029b4ed22*
`登陆天数: 45天 / 1644天
等级: 129
石头: 3614
呼符: 0
体力: 20876.256666666668 / 138
友情点: 0 / 1184775`
*連続ログイン3日目
※ログインが途切れるか、7日到達すると
1日目から再開されます*
`叡智の業火 X 1
8月交換券(2024) X 1
`*ＢＢプレゼンツ☆セレブサマー・エクスペリエンス！ 開幕記念 ログインボーナス*
*開催期間中、1日1回 最大78回 ログインボーナスをプレゼント！*
`白銀の果実 X 1
`_2024-08-23 19:36:08_
--------
*3b839ce50e5388ae1e70883696c7efe2*
`登陆天数: 45天 / 1646天
等级: 129
石头: 3597
呼符: 0
体力: 5372.49 / 138
友情点: 0 / 1128660`
*連続ログイン3日目
※ログインが途切れるか、7日到達すると
1日目から再開されます*
`叡智の業火 X 1
8月交換券(2024) X 1
`*ＢＢプレゼンツ☆セレブサマー・エクスペリエンス！ 開幕記念 ログインボーナス*
*開催期間中、1日1回 最大78回 ログインボーナスをプレゼント！*
`白銀の果実 X 1
`_2024-08-23 19:36:16_
--------
*4f9fb490f9e9cb3550294de96fe70fae*
`登陆天数: 45天 / 1638天
等级: 129
石头: 4329
呼符: 0
体力: 20852.27666666667 / 138
友情点: 0 / 1411490`
*連続ログイン3日目
※ログインが途切れるか、7日到達すると
1日目から再開されます*
`叡智の業火 X 1
8月交換券(2024) X 1
`*ＢＢプレゼンツ☆セレブサマー・エクスペリエンス！ 開幕記念 ログインボーナス*
*開催期間中、1日1回 最大78回 ログインボーナスをプレゼント！*
`白銀の果実 X 1
`_2024-08-23 19:36:24_
--------
*569e5975816751b96ff1bcdcb86f3f36*
`登陆天数: 45天 / 1639天
等级: 129
石头: 4843
呼符: 1
体力: 5049.736666666667 / 138
友情点: 0 / 1203500`
*連続ログイン3日目
※ログインが途切れるか、7日到達すると
1日目から再開されます*
`叡智の業火 X 1
8月交換券(2024) X 1
`*ＢＢプレゼンツ☆セレブサマー・エクスペリエンス！ 開幕記念 ログインボーナス*
*開催期間中、1日1回 最大78回 ログインボーナスをプレゼント！*
`白銀の果実 X 1
`_2024-08-23 19:36:32_
--------
