【登录信息】
*922ef8259237cd0178d7ba4063e49c4f*
`登陆天数: 49天 / 1652天
等级: 129
石头: 5383
呼符: 0
体力: 6630.9366666666665 / 138
友情点: 0 / 1367575`
*連続ログイン7日間到達おめでとうございます！
明日は1日目からリスタートされます。*
`獣の足跡 X 1
呼符 X 1
8月交換券(2024) X 1
`*ＢＢプレゼンツ☆セレブサマー・エクスペリエンス！ 開幕記念 ログインボーナス*
*開催期間中、1日1回 最大78回 ログインボーナスをプレゼント！*
`白銀の果実 X 1
`_2024-08-27 19:37:20_
--------
*1690c55967d905d64c7e181029b4ed22*
`登陆天数: 49天 / 1648天
等级: 129
石头: 3614
呼符: 0
体力: 22028.52 / 138
友情点: 0 / 1184775`
*連続ログイン7日間到達おめでとうございます！
明日は1日目からリスタートされます。*
`獣の足跡 X 1
呼符 X 1
8月交換券(2024) X 1
`*ＢＢプレゼンツ☆セレブサマー・エクスペリエンス！ 開幕記念 ログインボーナス*
*開催期間中、1日1回 最大78回 ログインボーナスをプレゼント！*
`白銀の果実 X 1
`_2024-08-27 19:37:27_
--------
*3b839ce50e5388ae1e70883696c7efe2*
`登陆天数: 49天 / 1650天
等级: 129
石头: 3597
呼符: 0
体力: 6524.753333333333 / 138
友情点: 0 / 1128660`
*連続ログイン7日間到達おめでとうございます！
明日は1日目からリスタートされます。*
`獣の足跡 X 1
呼符 X 1
8月交換券(2024) X 1
`*ＢＢプレゼンツ☆セレブサマー・エクスペリエンス！ 開幕記念 ログインボーナス*
*開催期間中、1日1回 最大78回 ログインボーナスをプレゼント！*
`白銀の果実 X 1
`_2024-08-27 19:37:35_
--------
*4f9fb490f9e9cb3550294de96fe70fae*
`登陆天数: 49天 / 1642天
等级: 129
石头: 4329
呼符: 0
体力: 22004.54 / 138
友情点: 0 / 1411490`
*連続ログイン7日間到達おめでとうございます！
明日は1日目からリスタートされます。*
`獣の足跡 X 1
呼符 X 1
8月交換券(2024) X 1
`*ＢＢプレゼンツ☆セレブサマー・エクスペリエンス！ 開幕記念 ログインボーナス*
*開催期間中、1日1回 最大78回 ログインボーナスをプレゼント！*
`白銀の果実 X 1
`_2024-08-27 19:37:43_
--------
*569e5975816751b96ff1bcdcb86f3f36*
`登陆天数: 49天 / 1643天
等级: 129
石头: 4843
呼符: 1
体力: 6201.996666666667 / 138
友情点: 0 / 1203500`
*連続ログイン7日間到達おめでとうございます！
明日は1日目からリスタートされます。*
`獣の足跡 X 1
呼符 X 1
8月交換券(2024) X 1
`*ＢＢプレゼンツ☆セレブサマー・エクスペリエンス！ 開幕記念 ログインボーナス*
*開催期間中、1日1回 最大78回 ログインボーナスをプレゼント！*
`白銀の果実 X 1
`_2024-08-27 19:37:51_
--------
