【登录信息】
*4b5176d7fc3bc906431fdca39588da94*
`登陆天数: 60天 / 1762天
等级: 129
石头: 3008
呼符: 0
体力: 43424.25 / 138
友情点: 0 / 1394690`
*連続ログイン4日目
※ログインが途切れるか、7日到達すると
1日目から再開されます*
`聖晶石 X 1
11月交換券(2024) X 1
`*秋の戦力増強キャンペーン特別ログインボーナス！*
*開催期間中、1日1回 最大7回 ログインボーナスをプレゼント！*
`英霊結晶・星のフォウくん X 5
`_2024-10-31 19:38:32_
--------
*1690c55967d905d64c7e181029b4ed22*
`登陆天数: 60天 / 1712天
等级: 129
石头: 3749
呼符: 20
体力: 40748.776666666665 / 138
友情点: 0 / 1296775`
*連続ログイン4日目
※ログインが途切れるか、7日到達すると
1日目から再開されます*
`聖晶石 X 1
11月交換券(2024) X 1
`*秋の戦力増強キャンペーン特別ログインボーナス！*
*開催期間中、1日1回 最大7回 ログインボーナスをプレゼント！*
`英霊結晶・星のフォウくん X 5
`_2024-10-31 19:38:44_
--------
*3b839ce50e5388ae1e70883696c7efe2*
`登陆天数: 60天 / 1714天
等级: 129
石头: 3721
呼符: 19
体力: 25245.013333333332 / 138
友情点: 0 / 1138660`
*連続ログイン4日目
※ログインが途切れるか、7日到達すると
1日目から再開されます*
`聖晶石 X 1
11月交換券(2024) X 1
`*秋の戦力増強キャンペーン特別ログインボーナス！*
*開催期間中、1日1回 最大7回 ログインボーナスをプレゼント！*
`英霊結晶・星のフォウくん X 5
`_2024-10-31 19:38:53_
--------
