【登录信息】
*4b5176d7fc3bc906431fdca39588da94*
`登陆天数: 61天 / 1763天
等级: 129
石头: 3008
呼符: 0
体力: 43711.98333333333 / 138
友情点: 0 / 1394690`
*連続ログイン5日目
※ログインが途切れるか、7日到達すると
1日目から再開されます*
`叡智の業火 X 2
11月交換券(2024) X 1
`*使用期限付コンティニューアイテムプレゼント！*
*開催期間中、初回ログインでコンティニューアイテム「霊脈石×3」をプレゼント！*
`霊脈石 X 3
`_2024-11-01 19:37:13_
--------
*1690c55967d905d64c7e181029b4ed22*
`登陆天数: 61天 / 1713天
等级: 129
石头: 3749
呼符: 20
体力: 41036.51666666667 / 138
友情点: 0 / 1296775`
*連続ログイン5日目
※ログインが途切れるか、7日到達すると
1日目から再開されます*
`叡智の業火 X 2
11月交換券(2024) X 1
`*使用期限付コンティニューアイテムプレゼント！*
*開催期間中、初回ログインでコンティニューアイテム「霊脈石×3」をプレゼント！*
`霊脈石 X 3
`_2024-11-01 19:37:25_
--------
*3b839ce50e5388ae1e70883696c7efe2*
`登陆天数: 61天 / 1715天
等级: 129
石头: 3721
呼符: 19
体力: 25532.753333333334 / 138
友情点: 0 / 1138660`
*連続ログイン5日目
※ログインが途切れるか、7日到達すると
1日目から再開されます*
`叡智の業火 X 2
11月交換券(2024) X 1
`*使用期限付コンティニューアイテムプレゼント！*
*開催期間中、初回ログインでコンティニューアイテム「霊脈石×3」をプレゼント！*
`霊脈石 X 3
`_2024-11-01 19:37:34_
--------
