【登录信息】
*4b5176d7fc3bc906431fdca39588da94*
`登陆天数: 62天 / 1764天
等级: 129
石头: 1857
呼符: 0
体力: 43999.80333333334 / 138
友情点: 0 / 1398690`
*連続ログイン6日目
※ログインが途切れるか、7日到達すると
1日目から再開されます*
`聖晶石 X 2
11月交換券(2024) X 1
`*秋の戦力増強キャンペーン特別ログインボーナス！*
*開催期間中、1日1回 最大7回 ログインボーナスをプレゼント！*
`叡智の業火 X 3
`_2024-11-02 19:36:18_
--------
*1690c55967d905d64c7e181029b4ed22*
`登陆天数: 62天 / 1714天
等级: 129
石头: 1610
呼符: 0
体力: 41324.333333333336 / 138
友情点: 0 / 1308775`
*連続ログイン6日目
※ログインが途切れるか、7日到達すると
1日目から再開されます*
`聖晶石 X 2
11月交換券(2024) X 1
`*秋の戦力増強キャンペーン特別ログインボーナス！*
*開催期間中、1日1回 最大7回 ログインボーナスをプレゼント！*
`叡智の業火 X 3
`_2024-11-02 19:36:30_
--------
*3b839ce50e5388ae1e70883696c7efe2*
`登陆天数: 62天 / 1716天
等级: 129
石头: 3906
呼符: 10
体力: 25820.566666666666 / 138
友情点: 0 / 1154660`
*連続ログイン6日目
※ログインが途切れるか、7日到達すると
1日目から再開されます*
`聖晶石 X 2
11月交換券(2024) X 1
`*秋の戦力増強キャンペーン特別ログインボーナス！*
*開催期間中、1日1回 最大7回 ログインボーナスをプレゼント！*
`叡智の業火 X 3
`_2024-11-02 19:36:39_
--------
