【登录信息】
*4b5176d7fc3bc906431fdca39588da94*
`登陆天数: 63天 / 1765天
等级: 129
石头: 1857
呼符: 0
体力: 44287.88 / 138
友情点: 0 / 1398690`
*連続ログイン7日間到達おめでとうございます！
明日は1日目からリスタートされます。*
`獣の足跡 X 1
呼符 X 1
11月交換券(2024) X 1
`*秋の戦力増強キャンペーン特別ログインボーナス！*
*開催期間中、1日1回 最大7回 ログインボーナスをプレゼント！*
`英霊結晶・太陽のフォウくん X 5
`_2024-11-03 19:36:42_
--------
*1690c55967d905d64c7e181029b4ed22*
`登陆天数: 63天 / 1715天
等级: 129
石头: 1617
呼符: 1
体力: 41612.41 / 138
友情点: 0 / 1310775`
*連続ログイン7日間到達おめでとうございます！
明日は1日目からリスタートされます。*
`獣の足跡 X 1
呼符 X 1
11月交換券(2024) X 1
`*秋の戦力増強キャンペーン特別ログインボーナス！*
*開催期間中、1日1回 最大7回 ログインボーナスをプレゼント！*
`英霊結晶・太陽のフォウくん X 5
`_2024-11-03 19:36:54_
--------
*3b839ce50e5388ae1e70883696c7efe2*
`登陆天数: 63天 / 1717天
等级: 129
石头: 2076
呼符: 0
体力: 26108.646666666667 / 138
友情点: 0 / 1154660`
*連続ログイン7日間到達おめでとうございます！
明日は1日目からリスタートされます。*
`獣の足跡 X 1
呼符 X 1
11月交換券(2024) X 1
`*秋の戦力増強キャンペーン特別ログインボーナス！*
*開催期間中、1日1回 最大7回 ログインボーナスをプレゼント！*
`英霊結晶・太陽のフォウくん X 5
`_2024-11-03 19:37:03_
--------
