【登录信息】
*1690c55967d905d64c7e181029b4ed22*
`登陆天数: 64天 / 1716天
等级: 129
石头: 957
呼符: 0
体力: 41900.37666666666 / 138
友情点: 0 / 1310775`
*連続ログイン1日目
※ログインが途切れるか、7日到達すると
1日目から再開されます*
`フレンドポイント X 2000
11月交換券(2024) X 1
`*秋の戦力増強キャンペーン特別ログインボーナス！*
*開催期間中、1日1回 最大7回 ログインボーナスをプレゼント！*
`叡智の業火 X 3
`_2024-11-04 19:36:44_
--------
*3b839ce50e5388ae1e70883696c7efe2*
`登陆天数: 64天 / 1718天
等级: 129
石头: 8
呼符: 0
体力: 26396.61 / 138
友情点: 0 / 1154660`
*連続ログイン1日目
※ログインが途切れるか、7日到達すると
1日目から再開されます*
`フレンドポイント X 2000
11月交換券(2024) X 1
`*秋の戦力増強キャンペーン特別ログインボーナス！*
*開催期間中、1日1回 最大7回 ログインボーナスをプレゼント！*
`叡智の業火 X 3
`_2024-11-04 19:36:52_
--------
