【登录信息】
*922ef8259237cd0178d7ba4063e49c4f*
`登陆天数: 1天 / 1657天
等级: 129
石头: 5212
呼符: 0
体力: 8359.113333333333 / 138
友情点: 0 / 1367575`
*連続ログイン1日目
※ログインが途切れるか、7日到達すると
1日目から再開されます*
`フレンドポイント X 2000
9月交換券(2024) X 1
`*使用期限付コンティニューアイテムプレゼント！*
*開催期間中、初回ログインでコンティニューアイテム「霊脈石×3」をプレゼント！*
`霊脈石 X 3
`_2024-09-02 19:38:12_
--------
*1690c55967d905d64c7e181029b4ed22*
`登陆天数: 1天 / 1653天
等级: 129
石头: 3614
呼符: 0
体力: 23756.696666666667 / 138
友情点: 0 / 1184775`
*連続ログイン1日目
※ログインが途切れるか、7日到達すると
1日目から再開されます*
`フレンドポイント X 2000
9月交換券(2024) X 1
`*使用期限付コンティニューアイテムプレゼント！*
*開催期間中、初回ログインでコンティニューアイテム「霊脈石×3」をプレゼント！*
`霊脈石 X 3
`_2024-09-02 19:38:20_
--------
*3b839ce50e5388ae1e70883696c7efe2*
`登陆天数: 1天 / 1655天
等级: 129
石头: 3597
呼符: 0
体力: 8252.933333333334 / 138
友情点: 0 / 1128660`
*連続ログイン1日目
※ログインが途切れるか、7日到達すると
1日目から再開されます*
`フレンドポイント X 2000
9月交換券(2024) X 1
`*使用期限付コンティニューアイテムプレゼント！*
*開催期間中、初回ログインでコンティニューアイテム「霊脈石×3」をプレゼント！*
`霊脈石 X 3
`_2024-09-02 19:38:29_
--------
*4f9fb490f9e9cb3550294de96fe70fae*
`登陆天数: 1天 / 1647天
等级: 129
石头: 4329
呼符: 0
体力: 23732.72333333333 / 138
友情点: 0 / 1411490`
*連続ログイン1日目
※ログインが途切れるか、7日到達すると
1日目から再開されます*
`フレンドポイント X 2000
9月交換券(2024) X 1
`*使用期限付コンティニューアイテムプレゼント！*
*開催期間中、初回ログインでコンティニューアイテム「霊脈石×3」をプレゼント！*
`霊脈石 X 3
`_2024-09-02 19:38:38_
--------
*569e5975816751b96ff1bcdcb86f3f36*
`登陆天数: 1天 / 1648天
等级: 129
石头: 4843
呼符: 1
体力: 7930.1866666666665 / 138
友情点: 0 / 1203500`
*連続ログイン1日目
※ログインが途切れるか、7日到達すると
1日目から再開されます*
`フレンドポイント X 2000
9月交換券(2024) X 1
`*使用期限付コンティニューアイテムプレゼント！*
*開催期間中、初回ログインでコンティニューアイテム「霊脈石×3」をプレゼント！*
`霊脈石 X 3
`_2024-09-02 19:38:47_
--------
