【登录信息】
*922ef8259237cd0178d7ba4063e49c4f*
`登陆天数: 2天 / 1658天
等级: 129
石头: 5212
呼符: 0
体力: 8646.913333333334 / 138
友情点: 0 / 1367575`
*連続ログイン2日目
※ログインが途切れるか、7日到達すると
1日目から再開されます*
`聖晶石 X 1
9月交換券(2024) X 1
`*奏章Ⅲ 新霊長後継戦 アーキタイプ・インセプション 開幕記念 ログインボーナス*
*開催期間中、1日1回 最大78回 ログインボーナスをプレゼント！*
`白銀の果実 X 1
`_2024-09-03 19:37:12_
--------
*1690c55967d905d64c7e181029b4ed22*
`登陆天数: 2天 / 1654天
等级: 129
石头: 3614
呼符: 0
体力: 24044.496666666666 / 138
友情点: 0 / 1184775`
*連続ログイン2日目
※ログインが途切れるか、7日到達すると
1日目から再開されます*
`聖晶石 X 1
9月交換券(2024) X 1
`*奏章Ⅲ 新霊長後継戦 アーキタイプ・インセプション 開幕記念 ログインボーナス*
*開催期間中、1日1回 最大78回 ログインボーナスをプレゼント！*
`白銀の果実 X 1
`_2024-09-03 19:37:20_
--------
*3b839ce50e5388ae1e70883696c7efe2*
`登陆天数: 2天 / 1656天
等级: 129
石头: 3597
呼符: 0
体力: 8540.733333333334 / 138
友情点: 0 / 1128660`
*連続ログイン2日目
※ログインが途切れるか、7日到達すると
1日目から再開されます*
`聖晶石 X 1
9月交換券(2024) X 1
`*奏章Ⅲ 新霊長後継戦 アーキタイプ・インセプション 開幕記念 ログインボーナス*
*開催期間中、1日1回 最大78回 ログインボーナスをプレゼント！*
`白銀の果実 X 1
`_2024-09-03 19:37:29_
--------
*4f9fb490f9e9cb3550294de96fe70fae*
`登陆天数: 2天 / 1648天
等级: 129
石头: 4329
呼符: 0
体力: 24020.523333333334 / 138
友情点: 0 / 1411490`
*連続ログイン2日目
※ログインが途切れるか、7日到達すると
1日目から再開されます*
`聖晶石 X 1
9月交換券(2024) X 1
`*奏章Ⅲ 新霊長後継戦 アーキタイプ・インセプション 開幕記念 ログインボーナス*
*開催期間中、1日1回 最大78回 ログインボーナスをプレゼント！*
`白銀の果実 X 1
`_2024-09-03 19:37:38_
--------
*569e5975816751b96ff1bcdcb86f3f36*
`登陆天数: 2天 / 1649天
等级: 129
石头: 4899
呼符: 5
体力: 8217.986666666668 / 138
友情点: 0 / 1213500`
*連続ログイン2日目
※ログインが途切れるか、7日到達すると
1日目から再開されます*
`聖晶石 X 1
9月交換券(2024) X 1
`*奏章Ⅲ 新霊長後継戦 アーキタイプ・インセプション 開幕記念 ログインボーナス*
*開催期間中、1日1回 最大78回 ログインボーナスをプレゼント！*
`白銀の果実 X 1
`_2024-09-03 19:37:47_
--------
