【登录信息】
*922ef8259237cd0178d7ba4063e49c4f*
`登陆天数: 4天 / 1660天
等级: 129
石头: 5212
呼符: 0
体力: 9222.783333333333 / 138
友情点: 0 / 1367575`
*連続ログイン4日目
※ログインが途切れるか、7日到達すると
1日目から再開されます*
`聖晶石 X 1
9月交換券(2024) X 1
`*「奏章Ⅲ 新霊長後継戦 アーキタイプ・インセプション」(中編)開幕直前カウントダウンログインボーナス*
*開催期間中、1日1回 6日間日替わりでログインボーナスをプレゼント！*
`黄金の果実 X 3
`_2024-09-05 19:36:33_
--------
*1690c55967d905d64c7e181029b4ed22*
`登陆天数: 4天 / 1656天
等级: 129
石头: 3614
呼符: 0
体力: 24620.37 / 138
友情点: 0 / 1184775`
*連続ログイン4日目
※ログインが途切れるか、7日到達すると
1日目から再開されます*
`聖晶石 X 1
9月交換券(2024) X 1
`*「奏章Ⅲ 新霊長後継戦 アーキタイプ・インセプション」(中編)開幕直前カウントダウンログインボーナス*
*開催期間中、1日1回 6日間日替わりでログインボーナスをプレゼント！*
`黄金の果実 X 3
`_2024-09-05 19:36:42_
--------
*3b839ce50e5388ae1e70883696c7efe2*
`登陆天数: 4天 / 1658天
等级: 129
石头: 3597
呼符: 0
体力: 9116.606666666667 / 138
友情点: 0 / 1128660`
*連続ログイン4日目
※ログインが途切れるか、7日到達すると
1日目から再開されます*
`聖晶石 X 1
9月交換券(2024) X 1
`*「奏章Ⅲ 新霊長後継戦 アーキタイプ・インセプション」(中編)開幕直前カウントダウンログインボーナス*
*開催期間中、1日1回 6日間日替わりでログインボーナスをプレゼント！*
`黄金の果実 X 3
`_2024-09-05 19:36:50_
--------
*4f9fb490f9e9cb3550294de96fe70fae*
`登陆天数: 4天 / 1650天
等级: 129
石头: 4329
呼符: 0
体力: 24596.396666666667 / 138
友情点: 0 / 1411490`
*連続ログイン4日目
※ログインが途切れるか、7日到達すると
1日目から再開されます*
`聖晶石 X 1
9月交換券(2024) X 1
`*「奏章Ⅲ 新霊長後継戦 アーキタイプ・インセプション」(中編)開幕直前カウントダウンログインボーナス*
*開催期間中、1日1回 6日間日替わりでログインボーナスをプレゼント！*
`黄金の果実 X 3
`_2024-09-05 19:36:59_
--------
