【登录信息】
*4b5176d7fc3bc906431fdca39588da94*
`登陆天数: 4天 / 1706天
等级: 129
石头: 3052
呼符: 7
体力: 27540.85 / 138
友情点: 0 / 1382690`
_2024-09-06 16:01:33_
--------
*922ef8259237cd0178d7ba4063e49c4f*
`登陆天数: 4天 / 1660天
等级: 129
石头: 5266
呼符: 7
体力: 9467.81 / 138
友情点: 0 / 1373575`
_2024-09-06 16:01:41_
--------
*1690c55967d905d64c7e181029b4ed22*
`登陆天数: 4天 / 1656天
等级: 129
石头: 3740
呼符: 19
体力: 24865.396666666667 / 138
友情点: 0 / 1294775`
_2024-09-06 16:01:50_
--------
*3b839ce50e5388ae1e70883696c7efe2*
`登陆天数: 4天 / 1658天
等级: 129
石头: 3721
呼符: 19
体力: 9361.633333333333 / 138
友情点: 0 / 1138660`
_2024-09-06 16:01:59_
--------
*4f9fb490f9e9cb3550294de96fe70fae*
`登陆天数: 4天 / 1650天
等级: 129
石头: 4329
呼符: 0
体力: 24841.423333333332 / 138
友情点: 0 / 1411490`
_2024-09-06 16:02:08_
--------
