【登录信息】
*4b5176d7fc3bc906431fdca39588da94*
`登陆天数: 6天 / 1708天
等级: 129
石头: 3052
呼符: 7
体力: 27871.926666666666 / 138
友情点: 0 / 1382690`
*連続ログイン6日目
※ログインが途切れるか、7日到達すると
1日目から再開されます*
`聖晶石 X 2
9月交換券(2024) X 1
`*「奏章Ⅲ 新霊長後継戦 アーキタイプ・インセプション」(中編)開幕直前カウントダウンログインボーナス*
*開催期間中、1日1回 6日間日替わりでログインボーナスをプレゼント！*
`QP X 3000000
`_2024-09-07 19:36:55_
--------
*1690c55967d905d64c7e181029b4ed22*
`登陆天数: 6天 / 1658天
等级: 129
石头: 3740
呼符: 19
体力: 25196.456666666665 / 138
友情点: 0 / 1294775`
*連続ログイン6日目
※ログインが途切れるか、7日到達すると
1日目から再開されます*
`聖晶石 X 2
9月交換券(2024) X 1
`*「奏章Ⅲ 新霊長後継戦 アーキタイプ・インセプション」(中編)開幕直前カウントダウンログインボーナス*
*開催期間中、1日1回 6日間日替わりでログインボーナスをプレゼント！*
`QP X 3000000
`_2024-09-07 19:37:07_
--------
*3b839ce50e5388ae1e70883696c7efe2*
`登陆天数: 6天 / 1660天
等级: 129
石头: 3721
呼符: 19
体力: 9692.69 / 138
友情点: 0 / 1138660`
*連続ログイン6日目
※ログインが途切れるか、7日到達すると
1日目から再開されます*
`聖晶石 X 2
9月交換券(2024) X 1
`*「奏章Ⅲ 新霊長後継戦 アーキタイプ・インセプション」(中編)開幕直前カウントダウンログインボーナス*
*開催期間中、1日1回 6日間日替わりでログインボーナスをプレゼント！*
`QP X 3000000
`_2024-09-07 19:37:16_
--------
*4f9fb490f9e9cb3550294de96fe70fae*
`登陆天数: 6天 / 1652天
等级: 129
石头: 4329
呼符: 0
体力: 25172.48 / 138
友情点: 0 / 1411490`
*連続ログイン6日目
※ログインが途切れるか、7日到達すると
1日目から再開されます*
`聖晶石 X 2
9月交換券(2024) X 1
`*「奏章Ⅲ 新霊長後継戦 アーキタイプ・インセプション」(中編)開幕直前カウントダウンログインボーナス*
*開催期間中、1日1回 6日間日替わりでログインボーナスをプレゼント！*
`QP X 3000000
`_2024-09-07 19:37:25_
--------
