【登录信息】
*4b5176d7fc3bc906431fdca39588da94*
`登陆天数: 7天 / 1709天
等级: 129
石头: 3052
呼符: 7
体力: 28159.88 / 138
友情点: 0 / 1382690`
*連続ログイン7日間到達おめでとうございます！
明日は1日目からリスタートされます。*
`獣の足跡 X 1
呼符 X 1
9月交換券(2024) X 1
`*「奏章Ⅲ 新霊長後継戦 アーキタイプ・インセプション」(中編)開幕直前カウントダウンログインボーナス*
*開催期間中、1日1回 6日間日替わりでログインボーナスをプレゼント！*
`英霊結晶・星のフォウくん X 10
`_2024-09-08 19:36:42_
--------
*1690c55967d905d64c7e181029b4ed22*
`登陆天数: 7天 / 1659天
等级: 129
石头: 3740
呼符: 19
体力: 25484.406666666666 / 138
友情点: 0 / 1294775`
*連続ログイン7日間到達おめでとうございます！
明日は1日目からリスタートされます。*
`獣の足跡 X 1
呼符 X 1
9月交換券(2024) X 1
`*「奏章Ⅲ 新霊長後継戦 アーキタイプ・インセプション」(中編)開幕直前カウントダウンログインボーナス*
*開催期間中、1日1回 6日間日替わりでログインボーナスをプレゼント！*
`英霊結晶・星のフォウくん X 10
`_2024-09-08 19:36:53_
--------
*3b839ce50e5388ae1e70883696c7efe2*
`登陆天数: 7天 / 1661天
等级: 129
石头: 3721
呼符: 19
体力: 9980.64 / 138
友情点: 0 / 1138660`
*連続ログイン7日間到達おめでとうございます！
明日は1日目からリスタートされます。*
`獣の足跡 X 1
呼符 X 1
9月交換券(2024) X 1
`*「奏章Ⅲ 新霊長後継戦 アーキタイプ・インセプション」(中編)開幕直前カウントダウンログインボーナス*
*開催期間中、1日1回 6日間日替わりでログインボーナスをプレゼント！*
`英霊結晶・星のフォウくん X 10
`_2024-09-08 19:37:01_
--------
*4f9fb490f9e9cb3550294de96fe70fae*
`登陆天数: 7天 / 1653天
等级: 129
石头: 4419
呼符: 10
体力: 25460.426666666666 / 138
友情点: 0 / 1421490`
*連続ログイン7日間到達おめでとうございます！
明日は1日目からリスタートされます。*
`獣の足跡 X 1
呼符 X 1
9月交換券(2024) X 1
`*「奏章Ⅲ 新霊長後継戦 アーキタイプ・インセプション」(中編)開幕直前カウントダウンログインボーナス*
*開催期間中、1日1回 6日間日替わりでログインボーナスをプレゼント！*
`英霊結晶・星のフォウくん X 10
`_2024-09-08 19:37:10_
--------
