【登录信息】
*4b5176d7fc3bc906431fdca39588da94*
`登陆天数: 8天 / 1710天
等级: 129
石头: 3052
呼符: 7
体力: 28447.89 / 138
友情点: 0 / 1382690`
*連続ログイン1日目
※ログインが途切れるか、7日到達すると
1日目から再開されます*
`フレンドポイント X 2000
9月交換券(2024) X 1
`*「奏章Ⅲ 新霊長後継戦 アーキタイプ・インセプション」(中編)開幕直前カウントダウンログインボーナス*
*開催期間中、1日1回 6日間日替わりでログインボーナスをプレゼント！*
`英霊結晶・太陽のフォウくん X 10
`_2024-09-09 19:36:45_
--------
*1690c55967d905d64c7e181029b4ed22*
`登陆天数: 8天 / 1660天
等级: 129
石头: 3740
呼符: 19
体力: 25772.42 / 138
友情点: 0 / 1294775`
*連続ログイン1日目
※ログインが途切れるか、7日到達すると
1日目から再開されます*
`フレンドポイント X 2000
9月交換券(2024) X 1
`*「奏章Ⅲ 新霊長後継戦 アーキタイプ・インセプション」(中編)開幕直前カウントダウンログインボーナス*
*開催期間中、1日1回 6日間日替わりでログインボーナスをプレゼント！*
`英霊結晶・太陽のフォウくん X 10
`_2024-09-09 19:36:57_
--------
*3b839ce50e5388ae1e70883696c7efe2*
`登陆天数: 8天 / 1662天
等级: 129
石头: 3721
呼符: 19
体力: 10268.653333333334 / 138
友情点: 0 / 1138660`
*連続ログイン1日目
※ログインが途切れるか、7日到達すると
1日目から再開されます*
`フレンドポイント X 2000
9月交換券(2024) X 1
`*「奏章Ⅲ 新霊長後継戦 アーキタイプ・インセプション」(中編)開幕直前カウントダウンログインボーナス*
*開催期間中、1日1回 6日間日替わりでログインボーナスをプレゼント！*
`英霊結晶・太陽のフォウくん X 10
`_2024-09-09 19:37:05_
--------
*4f9fb490f9e9cb3550294de96fe70fae*
`登陆天数: 8天 / 1654天
等级: 129
石头: 4419
呼符: 10
体力: 25748.44 / 138
友情点: 0 / 1421490`
*連続ログイン1日目
※ログインが途切れるか、7日到達すると
1日目から再開されます*
`フレンドポイント X 2000
9月交換券(2024) X 1
`*「奏章Ⅲ 新霊長後継戦 アーキタイプ・インセプション」(中編)開幕直前カウントダウンログインボーナス*
*開催期間中、1日1回 6日間日替わりでログインボーナスをプレゼント！*
`英霊結晶・太陽のフォウくん X 10
`_2024-09-09 19:37:13_
--------
