【登录信息】
*4b5176d7fc3bc906431fdca39588da94*
`登陆天数: 9天 / 1711天
等级: 129
石头: 3052
呼符: 7
体力: 28736.066666666666 / 138
友情点: 0 / 1382690`
*連続ログイン2日目
※ログインが途切れるか、7日到達すると
1日目から再開されます*
`聖晶石 X 1
9月交換券(2024) X 1
`*「奏章Ⅲ 新霊長後継戦 アーキタイプ・インセプション」(中編)開幕直前カウントダウンログインボーナス*
*開催期間中、1日1回 6日間日替わりでログインボーナスをプレゼント！*
`獣の足跡 X 1
`_2024-09-10 19:37:37_
--------
*1690c55967d905d64c7e181029b4ed22*
`登陆天数: 9天 / 1661天
等级: 129
石头: 3740
呼符: 19
体力: 26060.596666666668 / 138
友情点: 0 / 1294775`
*連続ログイン2日目
※ログインが途切れるか、7日到達すると
1日目から再開されます*
`聖晶石 X 1
9月交換券(2024) X 1
`*「奏章Ⅲ 新霊長後継戦 アーキタイプ・インセプション」(中編)開幕直前カウントダウンログインボーナス*
*開催期間中、1日1回 6日間日替わりでログインボーナスをプレゼント！*
`獣の足跡 X 1
`_2024-09-10 19:37:49_
--------
*3b839ce50e5388ae1e70883696c7efe2*
`登陆天数: 9天 / 1663天
等级: 129
石头: 3721
呼符: 19
体力: 10556.83 / 138
友情点: 0 / 1138660`
*連続ログイン2日目
※ログインが途切れるか、7日到達すると
1日目から再開されます*
`聖晶石 X 1
9月交換券(2024) X 1
`*「奏章Ⅲ 新霊長後継戦 アーキタイプ・インセプション」(中編)開幕直前カウントダウンログインボーナス*
*開催期間中、1日1回 6日間日替わりでログインボーナスをプレゼント！*
`獣の足跡 X 1
`_2024-09-10 19:37:58_
--------
*4f9fb490f9e9cb3550294de96fe70fae*
`登陆天数: 9天 / 1655天
等级: 129
石头: 4419
呼符: 10
体力: 26036.62 / 138
友情点: 0 / 1421490`
*連続ログイン2日目
※ログインが途切れるか、7日到達すると
1日目から再開されます*
`聖晶石 X 1
9月交換券(2024) X 1
`*「奏章Ⅲ 新霊長後継戦 アーキタイプ・インセプション」(中編)開幕直前カウントダウンログインボーナス*
*開催期間中、1日1回 6日間日替わりでログインボーナスをプレゼント！*
`獣の足跡 X 1
`_2024-09-10 19:38:07_
--------
