【登录信息】
*4b5176d7fc3bc906431fdca39588da94*
`登陆天数: 10天 / 1712天
等级: 129
石头: 3052
呼符: 7
体力: 29024.086666666666 / 138
友情点: 0 / 1382690`
*連続ログイン3日目
※ログインが途切れるか、7日到達すると
1日目から再開されます*
`叡智の業火 X 1
9月交換券(2024) X 1
`*奏章Ⅲ 新霊長後継戦 アーキタイプ・インセプション 開幕記念 ログインボーナス*
*開催期間中、1日1回 最大78回 ログインボーナスをプレゼント！*
`白銀の果実 X 1
`_2024-09-11 19:37:44_
--------
*1690c55967d905d64c7e181029b4ed22*
`登陆天数: 10天 / 1662天
等级: 129
石头: 3740
呼符: 19
体力: 26348.613333333335 / 138
友情点: 0 / 1294775`
*連続ログイン3日目
※ログインが途切れるか、7日到達すると
1日目から再開されます*
`叡智の業火 X 1
9月交換券(2024) X 1
`*奏章Ⅲ 新霊長後継戦 アーキタイプ・インセプション 開幕記念 ログインボーナス*
*開催期間中、1日1回 最大78回 ログインボーナスをプレゼント！*
`白銀の果実 X 1
`_2024-09-11 19:37:55_
--------
*3b839ce50e5388ae1e70883696c7efe2*
`登陆天数: 10天 / 1664天
等级: 129
石头: 3721
呼符: 19
体力: 10844.85 / 138
友情点: 0 / 1138660`
*連続ログイン3日目
※ログインが途切れるか、7日到達すると
1日目から再開されます*
`叡智の業火 X 1
9月交換券(2024) X 1
`*奏章Ⅲ 新霊長後継戦 アーキタイプ・インセプション 開幕記念 ログインボーナス*
*開催期間中、1日1回 最大78回 ログインボーナスをプレゼント！*
`白銀の果実 X 1
`_2024-09-11 19:38:04_
--------
*4f9fb490f9e9cb3550294de96fe70fae*
`登陆天数: 10天 / 1656天
等级: 129
石头: 4419
呼符: 10
体力: 26324.636666666665 / 138
友情点: 0 / 1421490`
*連続ログイン3日目
※ログインが途切れるか、7日到達すると
1日目から再開されます*
`叡智の業火 X 1
9月交換券(2024) X 1
`*奏章Ⅲ 新霊長後継戦 アーキタイプ・インセプション 開幕記念 ログインボーナス*
*開催期間中、1日1回 最大78回 ログインボーナスをプレゼント！*
`白銀の果実 X 1
`_2024-09-11 19:38:12_
--------
