【登录信息】
*4b5176d7fc3bc906431fdca39588da94*
`登陆天数: 11天 / 1713天
等级: 129
石头: 3052
呼符: 7
体力: 29311.913333333334 / 138
友情点: 0 / 1382690`
*連続ログイン4日目
※ログインが途切れるか、7日到達すると
1日目から再開されます*
`聖晶石 X 1
9月交換券(2024) X 1
`*奏章Ⅲ 新霊長後継戦 アーキタイプ・インセプション 開幕記念 ログインボーナス*
*開催期間中、1日1回 最大78回 ログインボーナスをプレゼント！*
`黄金の果実 X 1
`_2024-09-12 19:36:52_
--------
*1690c55967d905d64c7e181029b4ed22*
`登陆天数: 11天 / 1663天
等级: 129
石头: 3740
呼符: 19
体力: 26636.443333333333 / 138
友情点: 0 / 1294775`
*連続ログイン4日目
※ログインが途切れるか、7日到達すると
1日目から再開されます*
`聖晶石 X 1
9月交換券(2024) X 1
`*奏章Ⅲ 新霊長後継戦 アーキタイプ・インセプション 開幕記念 ログインボーナス*
*開催期間中、1日1回 最大78回 ログインボーナスをプレゼント！*
`黄金の果実 X 1
`_2024-09-12 19:37:04_
--------
*3b839ce50e5388ae1e70883696c7efe2*
`登陆天数: 11天 / 1665天
等级: 129
石头: 3721
呼符: 19
体力: 11132.68 / 138
友情点: 0 / 1138660`
*連続ログイン4日目
※ログインが途切れるか、7日到達すると
1日目から再開されます*
`聖晶石 X 1
9月交換券(2024) X 1
`*奏章Ⅲ 新霊長後継戦 アーキタイプ・インセプション 開幕記念 ログインボーナス*
*開催期間中、1日1回 最大78回 ログインボーナスをプレゼント！*
`黄金の果実 X 1
`_2024-09-12 19:37:12_
--------
