【登录信息】
*4b5176d7fc3bc906431fdca39588da94*
`登陆天数: 13天 / 1715天
等级: 129
石头: 3052
呼符: 7
体力: 29887.906666666666 / 138
友情点: 0 / 1382690`
*連続ログイン6日目
※ログインが途切れるか、7日到達すると
1日目から再開されます*
`聖晶石 X 2
9月交換券(2024) X 1
`*奏章Ⅲ 新霊長後継戦 アーキタイプ・インセプション 開幕記念 ログインボーナス*
*開催期間中、1日1回 最大78回 ログインボーナスをプレゼント！*
`白銀の果実 X 1
`_2024-09-14 19:36:50_
--------
*1690c55967d905d64c7e181029b4ed22*
`登陆天数: 13天 / 1665天
等级: 129
石头: 3749
呼符: 20
体力: 27212.433333333334 / 138
友情点: 0 / 1296775`
*連続ログイン6日目
※ログインが途切れるか、7日到達すると
1日目から再開されます*
`聖晶石 X 2
9月交換券(2024) X 1
`*奏章Ⅲ 新霊長後継戦 アーキタイプ・インセプション 開幕記念 ログインボーナス*
*開催期間中、1日1回 最大78回 ログインボーナスをプレゼント！*
`白銀の果実 X 1
`_2024-09-14 19:37:01_
--------
*3b839ce50e5388ae1e70883696c7efe2*
`登陆天数: 13天 / 1667天
等级: 129
石头: 3721
呼符: 19
体力: 11708.67 / 138
友情点: 0 / 1138660`
*連続ログイン6日目
※ログインが途切れるか、7日到達すると
1日目から再開されます*
`聖晶石 X 2
9月交換券(2024) X 1
`*奏章Ⅲ 新霊長後継戦 アーキタイプ・インセプション 開幕記念 ログインボーナス*
*開催期間中、1日1回 最大78回 ログインボーナスをプレゼント！*
`白銀の果実 X 1
`_2024-09-14 19:37:10_
--------
