【登录信息】
*4b5176d7fc3bc906431fdca39588da94*
`登陆天数: 14天 / 1716天
等级: 129
石头: 3052
呼符: 7
体力: 30175.793333333335 / 138
友情点: 0 / 1382690`
*連続ログイン7日間到達おめでとうございます！
明日は1日目からリスタートされます。*
`獣の足跡 X 1
呼符 X 1
9月交換券(2024) X 1
`*奏章Ⅲ 新霊長後継戦 アーキタイプ・インセプション 開幕記念 ログインボーナス*
*開催期間中、1日1回 最大78回 ログインボーナスをプレゼント！*
`白銀の果実 X 1
`_2024-09-15 19:36:16_
--------
*1690c55967d905d64c7e181029b4ed22*
`登陆天数: 14天 / 1666天
等级: 129
石头: 3749
呼符: 20
体力: 27500.323333333334 / 138
友情点: 0 / 1296775`
*連続ログイン7日間到達おめでとうございます！
明日は1日目からリスタートされます。*
`獣の足跡 X 1
呼符 X 1
9月交換券(2024) X 1
`*奏章Ⅲ 新霊長後継戦 アーキタイプ・インセプション 開幕記念 ログインボーナス*
*開催期間中、1日1回 最大78回 ログインボーナスをプレゼント！*
`白銀の果実 X 1
`_2024-09-15 19:36:28_
--------
*3b839ce50e5388ae1e70883696c7efe2*
`登陆天数: 14天 / 1668天
等级: 129
石头: 3721
呼符: 19
体力: 11996.556666666667 / 138
友情点: 0 / 1138660`
*連続ログイン7日間到達おめでとうございます！
明日は1日目からリスタートされます。*
`獣の足跡 X 1
呼符 X 1
9月交換券(2024) X 1
`*奏章Ⅲ 新霊長後継戦 アーキタイプ・インセプション 開幕記念 ログインボーナス*
*開催期間中、1日1回 最大78回 ログインボーナスをプレゼント！*
`白銀の果実 X 1
`_2024-09-15 19:36:36_
--------
