【登录信息】
*4b5176d7fc3bc906431fdca39588da94*
`登陆天数: 20天 / 1722天
等级: 129
石头: 3063
呼符: 9
体力: 31903.806666666667 / 138
友情点: 0 / 1386690`
*連続ログイン6日目
※ログインが途切れるか、7日到達すると
1日目から再開されます*
`聖晶石 X 2
9月交換券(2024) X 1
`*「奏章Ⅲ 新霊長後継戦 アーキタイプ・インセプション」(後編)
開幕直前&攻略応援特別ログインボーナス*
*開催期間中、1日1回 最大8回 ログインボーナスをプレゼント！*
`英霊結晶・太陽のフォウくん X 10
`_2024-09-21 19:36:20_
--------
*1690c55967d905d64c7e181029b4ed22*
`登陆天数: 20天 / 1672天
等级: 129
石头: 3749
呼符: 20
体力: 29228.333333333332 / 138
友情点: 0 / 1296775`
*連続ログイン6日目
※ログインが途切れるか、7日到達すると
1日目から再開されます*
`聖晶石 X 2
9月交換券(2024) X 1
`*「奏章Ⅲ 新霊長後継戦 アーキタイプ・インセプション」(後編)
開幕直前&攻略応援特別ログインボーナス*
*開催期間中、1日1回 最大8回 ログインボーナスをプレゼント！*
`英霊結晶・太陽のフォウくん X 10
`_2024-09-21 19:36:31_
--------
*3b839ce50e5388ae1e70883696c7efe2*
`登陆天数: 20天 / 1674天
等级: 129
石头: 3721
呼符: 19
体力: 13724.57 / 138
友情点: 0 / 1138660`
*連続ログイン6日目
※ログインが途切れるか、7日到達すると
1日目から再開されます*
`聖晶石 X 2
9月交換券(2024) X 1
`*「奏章Ⅲ 新霊長後継戦 アーキタイプ・インセプション」(後編)
開幕直前&攻略応援特別ログインボーナス*
*開催期間中、1日1回 最大8回 ログインボーナスをプレゼント！*
`英霊結晶・太陽のフォウくん X 10
`_2024-09-21 19:36:40_
--------
