【登录信息】
*4b5176d7fc3bc906431fdca39588da94*
`登陆天数: 21天 / 1723天
等级: 129
石头: 3063
呼符: 9
体力: 32191.88 / 138
友情点: 0 / 1386690`
*連続ログイン7日間到達おめでとうございます！
明日は1日目からリスタートされます。*
`獣の足跡 X 1
呼符 X 1
9月交換券(2024) X 1
`*「京都国際マンガ・アニメフェア2024」出展記念 初回ログインボーナス*
*開催期間中、初回ログインで「聖晶石×10」をプレゼント！*
`聖晶石 X 10
`_2024-09-22 19:36:41_
--------
*1690c55967d905d64c7e181029b4ed22*
`登陆天数: 21天 / 1673天
等级: 129
石头: 3749
呼符: 20
体力: 29516.41 / 138
友情点: 0 / 1296775`
*連続ログイン7日間到達おめでとうございます！
明日は1日目からリスタートされます。*
`獣の足跡 X 1
呼符 X 1
9月交換券(2024) X 1
`*「京都国際マンガ・アニメフェア2024」出展記念 初回ログインボーナス*
*開催期間中、初回ログインで「聖晶石×10」をプレゼント！*
`聖晶石 X 10
`_2024-09-22 19:36:54_
--------
*3b839ce50e5388ae1e70883696c7efe2*
`登陆天数: 21天 / 1675天
等级: 129
石头: 3721
呼符: 19
体力: 14012.65 / 138
友情点: 0 / 1138660`
*連続ログイン7日間到達おめでとうございます！
明日は1日目からリスタートされます。*
`獣の足跡 X 1
呼符 X 1
9月交換券(2024) X 1
`*「京都国際マンガ・アニメフェア2024」出展記念 初回ログインボーナス*
*開催期間中、初回ログインで「聖晶石×10」をプレゼント！*
`聖晶石 X 10
`_2024-09-22 19:37:03_
--------
