【登录信息】
*4b5176d7fc3bc906431fdca39588da94*
`登陆天数: 26天 / 1728天
等级: 129
石头: 3063
呼符: 9
体力: 33631.93666666667 / 138
友情点: 0 / 1386690`
*連続ログイン5日目
※ログインが途切れるか、7日到達すると
1日目から再開されます*
`叡智の業火 X 2
9月交換券(2024) X 1
`*奏章Ⅲ 新霊長後継戦 アーキタイプ・インセプション 開幕記念 ログインボーナス*
*開催期間中、1日1回 最大78回 ログインボーナスをプレゼント！*
`白銀の果実 X 1
`_2024-09-27 19:36:59_
--------
*1690c55967d905d64c7e181029b4ed22*
`登陆天数: 26天 / 1678天
等级: 129
石头: 3749
呼符: 20
体力: 30956.463333333333 / 138
友情点: 0 / 1296775`
*連続ログイン5日目
※ログインが途切れるか、7日到達すると
1日目から再開されます*
`叡智の業火 X 2
9月交換券(2024) X 1
`*奏章Ⅲ 新霊長後継戦 アーキタイプ・インセプション 開幕記念 ログインボーナス*
*開催期間中、1日1回 最大78回 ログインボーナスをプレゼント！*
`白銀の果実 X 1
`_2024-09-27 19:37:10_
--------
*3b839ce50e5388ae1e70883696c7efe2*
`登陆天数: 26天 / 1680天
等级: 129
石头: 3721
呼符: 19
体力: 15452.7 / 138
友情点: 0 / 1138660`
*連続ログイン5日目
※ログインが途切れるか、7日到達すると
1日目から再開されます*
`叡智の業火 X 2
9月交換券(2024) X 1
`*奏章Ⅲ 新霊長後継戦 アーキタイプ・インセプション 開幕記念 ログインボーナス*
*開催期間中、1日1回 最大78回 ログインボーナスをプレゼント！*
`白銀の果実 X 1
`_2024-09-27 19:37:18_
--------
