【登录信息】
*4b5176d7fc3bc906431fdca39588da94*
`登陆天数: 29天 / 1731天
等级: 129
石头: 3063
呼符: 9
体力: 34495.92333333333 / 138
友情点: 0 / 1386690`
*連続ログイン1日目
※ログインが途切れるか、7日到達すると
1日目から再開されます*
`フレンドポイント X 2000
10月交換券(2024) X 1
`*奏章Ⅲ 新霊長後継戦 アーキタイプ・インセプション 開幕記念 ログインボーナス*
*開催期間中、1日1回 最大78回 ログインボーナスをプレゼント！*
`白銀の果実 X 1
`_2024-09-30 19:36:55_
--------
*1690c55967d905d64c7e181029b4ed22*
`登陆天数: 29天 / 1681天
等级: 129
石头: 3749
呼符: 20
体力: 31820.45 / 138
友情点: 0 / 1296775`
*連続ログイン1日目
※ログインが途切れるか、7日到達すると
1日目から再開されます*
`フレンドポイント X 2000
10月交換券(2024) X 1
`*奏章Ⅲ 新霊長後継戦 アーキタイプ・インセプション 開幕記念 ログインボーナス*
*開催期間中、1日1回 最大78回 ログインボーナスをプレゼント！*
`白銀の果実 X 1
`_2024-09-30 19:37:07_
--------
*3b839ce50e5388ae1e70883696c7efe2*
`登陆天数: 29天 / 1683天
等级: 129
石头: 3721
呼符: 19
体力: 16316.686666666666 / 138
友情点: 0 / 1138660`
*連続ログイン1日目
※ログインが途切れるか、7日到達すると
1日目から再開されます*
`フレンドポイント X 2000
10月交換券(2024) X 1
`*奏章Ⅲ 新霊長後継戦 アーキタイプ・インセプション 開幕記念 ログインボーナス*
*開催期間中、1日1回 最大78回 ログインボーナスをプレゼント！*
`白銀の果実 X 1
`_2024-09-30 19:37:15_
--------
