【登录信息】
*4b5176d7fc3bc906431fdca39588da94*
`登陆天数: 30天 / 1732天
等级: 129
石头: 3063
呼符: 9
体力: 34783.98333333333 / 138
友情点: 0 / 1386690`
*連続ログイン2日目
※ログインが途切れるか、7日到達すると
1日目から再開されます*
`聖晶石 X 1
10月交換券(2024) X 1
`*使用期限付コンティニューアイテムプレゼント！*
*開催期間中、初回ログインでコンティニューアイテム「霊脈石×3」をプレゼント！*
`霊脈石 X 3
`_2024-10-01 19:37:12_
--------
*1690c55967d905d64c7e181029b4ed22*
`登陆天数: 30天 / 1682天
等级: 129
石头: 3749
呼符: 20
体力: 32108.51 / 138
友情点: 0 / 1296775`
*連続ログイン2日目
※ログインが途切れるか、7日到達すると
1日目から再開されます*
`聖晶石 X 1
10月交換券(2024) X 1
`*使用期限付コンティニューアイテムプレゼント！*
*開催期間中、初回ログインでコンティニューアイテム「霊脈石×3」をプレゼント！*
`霊脈石 X 3
`_2024-10-01 19:37:24_
--------
*3b839ce50e5388ae1e70883696c7efe2*
`登陆天数: 30天 / 1684天
等级: 129
石头: 3721
呼符: 19
体力: 16604.746666666666 / 138
友情点: 0 / 1138660`
*連続ログイン2日目
※ログインが途切れるか、7日到達すると
1日目から再開されます*
`聖晶石 X 1
10月交換券(2024) X 1
`*使用期限付コンティニューアイテムプレゼント！*
*開催期間中、初回ログインでコンティニューアイテム「霊脈石×3」をプレゼント！*
`霊脈石 X 3
`_2024-10-01 19:37:32_
--------
