【登录信息】
*4b5176d7fc3bc906431fdca39588da94*
`登陆天数: 31天 / 1733天
等级: 129
石头: 3063
呼符: 9
体力: 35071.89333333333 / 138
友情点: 0 / 1386690`
*連続ログイン3日目
※ログインが途切れるか、7日到達すると
1日目から再開されます*
`叡智の業火 X 1
10月交換券(2024) X 1
`*奏章Ⅲ 新霊長後継戦 アーキタイプ・インセプション 開幕記念 ログインボーナス*
*開催期間中、1日1回 最大78回 ログインボーナスをプレゼント！*
`白銀の果実 X 1
`_2024-10-02 19:36:45_
--------
*1690c55967d905d64c7e181029b4ed22*
`登陆天数: 31天 / 1683天
等级: 129
石头: 3749
呼符: 20
体力: 32396.423333333332 / 138
友情点: 0 / 1296775`
*連続ログイン3日目
※ログインが途切れるか、7日到達すると
1日目から再開されます*
`叡智の業火 X 1
10月交換券(2024) X 1
`*奏章Ⅲ 新霊長後継戦 アーキタイプ・インセプション 開幕記念 ログインボーナス*
*開催期間中、1日1回 最大78回 ログインボーナスをプレゼント！*
`白銀の果実 X 1
`_2024-10-02 19:36:58_
--------
*3b839ce50e5388ae1e70883696c7efe2*
`登陆天数: 31天 / 1685天
等级: 129
石头: 3721
呼符: 19
体力: 16892.66 / 138
友情点: 0 / 1138660`
*連続ログイン3日目
※ログインが途切れるか、7日到達すると
1日目から再開されます*
`叡智の業火 X 1
10月交換券(2024) X 1
`*奏章Ⅲ 新霊長後継戦 アーキタイプ・インセプション 開幕記念 ログインボーナス*
*開催期間中、1日1回 最大78回 ログインボーナスをプレゼント！*
`白銀の果実 X 1
`_2024-10-02 19:37:07_
--------
