【登录信息】
*4b5176d7fc3bc906431fdca39588da94*
`登陆天数: 33天 / 1735天
等级: 129
石头: 3063
呼符: 9
体力: 35647.92333333333 / 138
友情点: 0 / 1386690`
*連続ログイン5日目
※ログインが途切れるか、7日到達すると
1日目から再開されます*
`叡智の業火 X 2
10月交換券(2024) X 1
`*3000万DL記念 特別回数ログインボーナス*
*開催期間中、1日1回 最大10回 回数ログインボーナスをプレゼント！*
`白銀の果実 X 30
`_2024-10-04 19:36:48_
--------
*1690c55967d905d64c7e181029b4ed22*
`登陆天数: 33天 / 1685天
等级: 129
石头: 3749
呼符: 20
体力: 32972.47666666667 / 138
友情点: 0 / 1296775`
*連続ログイン5日目
※ログインが途切れるか、7日到達すると
1日目から再開されます*
`叡智の業火 X 2
10月交換券(2024) X 1
`*3000万DL記念 特別回数ログインボーナス*
*開催期間中、1日1回 最大10回 回数ログインボーナスをプレゼント！*
`白銀の果実 X 30
`_2024-10-04 19:37:06_
--------
*3b839ce50e5388ae1e70883696c7efe2*
`登陆天数: 33天 / 1687天
等级: 129
石头: 3721
呼符: 19
体力: 17468.733333333334 / 138
友情点: 0 / 1138660`
*連続ログイン5日目
※ログインが途切れるか、7日到達すると
1日目から再開されます*
`叡智の業火 X 2
10月交換券(2024) X 1
`*3000万DL記念 特別回数ログインボーナス*
*開催期間中、1日1回 最大10回 回数ログインボーナスをプレゼント！*
`白銀の果実 X 30
`_2024-10-04 19:37:22_
--------
