【登录信息】
*4b5176d7fc3bc906431fdca39588da94*
`登陆天数: 34天 / 1736天
等级: 129
石头: 3063
呼符: 9
体力: 35935.81333333333 / 138
友情点: 0 / 1386690`
*連続ログイン6日目
※ログインが途切れるか、7日到達すると
1日目から再開されます*
`聖晶石 X 2
10月交換券(2024) X 1
`*3000万DL記念 特別回数ログインボーナス*
*開催期間中、1日1回 最大10回 回数ログインボーナスをプレゼント！*
`叡智の業火 X 30
`_2024-10-05 19:36:22_
--------
*1690c55967d905d64c7e181029b4ed22*
`登陆天数: 34天 / 1686天
等级: 129
石头: 3749
呼符: 20
体力: 33260.34333333333 / 138
友情点: 0 / 1296775`
*連続ログイン6日目
※ログインが途切れるか、7日到達すると
1日目から再開されます*
`聖晶石 X 2
10月交換券(2024) X 1
`*3000万DL記念 特別回数ログインボーナス*
*開催期間中、1日1回 最大10回 回数ログインボーナスをプレゼント！*
`叡智の業火 X 30
`_2024-10-05 19:36:34_
--------
*3b839ce50e5388ae1e70883696c7efe2*
`登陆天数: 34天 / 1688天
等级: 129
石头: 3721
呼符: 19
体力: 17756.58 / 138
友情点: 0 / 1138660`
*連続ログイン6日目
※ログインが途切れるか、7日到達すると
1日目から再開されます*
`聖晶石 X 2
10月交換券(2024) X 1
`*3000万DL記念 特別回数ログインボーナス*
*開催期間中、1日1回 最大10回 回数ログインボーナスをプレゼント！*
`叡智の業火 X 30
`_2024-10-05 19:36:42_
--------
