【登录信息】
*4b5176d7fc3bc906431fdca39588da94*
`登陆天数: 35天 / 1737天
等级: 129
石头: 3063
呼符: 9
体力: 36224.01666666667 / 138
友情点: 0 / 1386690`
*連続ログイン7日間到達おめでとうございます！
明日は1日目からリスタートされます。*
`獣の足跡 X 1
呼符 X 1
10月交換券(2024) X 1
`*3000万DL突破記念 10万リポスト達成プレゼント*
*開催期間中、初回ログインで「聖晶石×30」をプレゼント！*
`聖晶石 X 30
`_2024-10-06 19:37:23_
--------
*1690c55967d905d64c7e181029b4ed22*
`登陆天数: 35天 / 1687天
等级: 129
石头: 3749
呼符: 20
体力: 33548.54666666667 / 138
友情点: 0 / 1296775`
*連続ログイン7日間到達おめでとうございます！
明日は1日目からリスタートされます。*
`獣の足跡 X 1
呼符 X 1
10月交換券(2024) X 1
`*3000万DL突破記念 10万リポスト達成プレゼント*
*開催期間中、初回ログインで「聖晶石×30」をプレゼント！*
`聖晶石 X 30
`_2024-10-06 19:37:35_
--------
*3b839ce50e5388ae1e70883696c7efe2*
`登陆天数: 35天 / 1689天
等级: 129
石头: 3721
呼符: 19
体力: 18044.78 / 138
友情点: 0 / 1138660`
*連続ログイン7日間到達おめでとうございます！
明日は1日目からリスタートされます。*
`獣の足跡 X 1
呼符 X 1
10月交換券(2024) X 1
`*3000万DL突破記念 10万リポスト達成プレゼント*
*開催期間中、初回ログインで「聖晶石×30」をプレゼント！*
`聖晶石 X 30
`_2024-10-06 19:37:43_
--------
