【登录信息】
*4b5176d7fc3bc906431fdca39588da94*
`登陆天数: 36天 / 1738天
等级: 129
石头: 3063
呼符: 9
体力: 36511.88333333333 / 138
友情点: 0 / 1386690`
*連続ログイン1日目
※ログインが途切れるか、7日到達すると
1日目から再開されます*
`フレンドポイント X 2000
10月交換券(2024) X 1
`*3000万DL記念 特別回数ログインボーナス*
*開催期間中、1日1回 最大10回 回数ログインボーナスをプレゼント！*
`QP X 30000000
`_2024-10-07 19:36:43_
--------
*1690c55967d905d64c7e181029b4ed22*
`登陆天数: 36天 / 1688天
等级: 129
石头: 3749
呼符: 20
体力: 33836.41 / 138
友情点: 0 / 1296775`
*連続ログイン1日目
※ログインが途切れるか、7日到達すると
1日目から再開されます*
`フレンドポイント X 2000
10月交換券(2024) X 1
`*3000万DL記念 特別回数ログインボーナス*
*開催期間中、1日1回 最大10回 回数ログインボーナスをプレゼント！*
`QP X 30000000
`_2024-10-07 19:36:54_
--------
*3b839ce50e5388ae1e70883696c7efe2*
`登陆天数: 36天 / 1690天
等级: 129
石头: 3721
呼符: 19
体力: 18332.646666666667 / 138
友情点: 0 / 1138660`
*連続ログイン1日目
※ログインが途切れるか、7日到達すると
1日目から再開されます*
`フレンドポイント X 2000
10月交換券(2024) X 1
`*3000万DL記念 特別回数ログインボーナス*
*開催期間中、1日1回 最大10回 回数ログインボーナスをプレゼント！*
`QP X 30000000
`_2024-10-07 19:37:02_
--------
