【登录信息】
*4b5176d7fc3bc906431fdca39588da94*
`登陆天数: 37天 / 1739天
等级: 129
石头: 3063
呼符: 9
体力: 36799.846666666665 / 138
友情点: 0 / 1386690`
*連続ログイン2日目
※ログインが途切れるか、7日到達すると
1日目から再開されます*
`聖晶石 X 1
10月交換券(2024) X 1
`*3000万DL記念 特別回数ログインボーナス*
*開催期間中、1日1回 最大10回 回数ログインボーナスをプレゼント！*
`英霊結晶・星のフォウくん X 30
英霊結晶・太陽のフォウくん X 30
`_2024-10-08 19:36:32_
--------
*1690c55967d905d64c7e181029b4ed22*
`登陆天数: 37天 / 1689天
等级: 129
石头: 3749
呼符: 20
体力: 34124.37333333334 / 138
友情点: 0 / 1296775`
*連続ログイン2日目
※ログインが途切れるか、7日到達すると
1日目から再開されます*
`聖晶石 X 1
10月交換券(2024) X 1
`*3000万DL記念 特別回数ログインボーナス*
*開催期間中、1日1回 最大10回 回数ログインボーナスをプレゼント！*
`英霊結晶・星のフォウくん X 30
英霊結晶・太陽のフォウくん X 30
`_2024-10-08 19:36:43_
--------
*3b839ce50e5388ae1e70883696c7efe2*
`登陆天数: 37天 / 1691天
等级: 129
石头: 3721
呼符: 19
体力: 18620.606666666667 / 138
友情点: 0 / 1138660`
*連続ログイン2日目
※ログインが途切れるか、7日到達すると
1日目から再開されます*
`聖晶石 X 1
10月交換券(2024) X 1
`*3000万DL記念 特別回数ログインボーナス*
*開催期間中、1日1回 最大10回 回数ログインボーナスをプレゼント！*
`英霊結晶・星のフォウくん X 30
英霊結晶・太陽のフォウくん X 30
`_2024-10-08 19:36:51_
--------
