【登录信息】
*4b5176d7fc3bc906431fdca39588da94*
`登陆天数: 39天 / 1741天
等级: 129
石头: 3063
呼符: 9
体力: 37375.94666666666 / 138
友情点: 0 / 1386690`
*連続ログイン4日目
※ログインが途切れるか、7日到達すると
1日目から再開されます*
`聖晶石 X 1
10月交換券(2024) X 1
`*「10月開幕予定 期間限定イベント」直前ログインボーナス*
*開催期間中、1日1回 最大7回 ログインボーナスをプレゼント！*
`黄金の果実 X 1
霊脈石 X 1
`_2024-10-10 19:37:01_
--------
*1690c55967d905d64c7e181029b4ed22*
`登陆天数: 39天 / 1691天
等级: 129
石头: 3749
呼符: 20
体力: 34700.47666666667 / 138
友情点: 0 / 1296775`
*連続ログイン4日目
※ログインが途切れるか、7日到達すると
1日目から再開されます*
`聖晶石 X 1
10月交換券(2024) X 1
`*「10月開幕予定 期間限定イベント」直前ログインボーナス*
*開催期間中、1日1回 最大7回 ログインボーナスをプレゼント！*
`黄金の果実 X 1
霊脈石 X 1
`_2024-10-10 19:37:13_
--------
*3b839ce50e5388ae1e70883696c7efe2*
`登陆天数: 39天 / 1693天
等级: 129
石头: 3721
呼符: 19
体力: 19196.713333333333 / 138
友情点: 0 / 1138660`
*連続ログイン4日目
※ログインが途切れるか、7日到達すると
1日目から再開されます*
`聖晶石 X 1
10月交換券(2024) X 1
`*「10月開幕予定 期間限定イベント」直前ログインボーナス*
*開催期間中、1日1回 最大7回 ログインボーナスをプレゼント！*
`黄金の果実 X 1
霊脈石 X 1
`_2024-10-10 19:37:22_
--------
