【登录信息】
*4b5176d7fc3bc906431fdca39588da94*
`登陆天数: 40天 / 1742天
等级: 129
石头: 3063
呼符: 9
体力: 37663.926666666666 / 138
友情点: 0 / 1386690`
*連続ログイン5日目
※ログインが途切れるか、7日到達すると
1日目から再開されます*
`叡智の業火 X 2
10月交換券(2024) X 1
`*「10月開幕予定 期間限定イベント」直前ログインボーナス*
*開催期間中、1日1回 最大7回 ログインボーナスをプレゼント！*
`QP X 2000000
霊脈石 X 1
`_2024-10-11 19:36:56_
--------
*1690c55967d905d64c7e181029b4ed22*
`登陆天数: 40天 / 1692天
等级: 129
石头: 3749
呼符: 20
体力: 34988.456666666665 / 138
友情点: 0 / 1296775`
*連続ログイン5日目
※ログインが途切れるか、7日到達すると
1日目から再開されます*
`叡智の業火 X 2
10月交換券(2024) X 1
`*「10月開幕予定 期間限定イベント」直前ログインボーナス*
*開催期間中、1日1回 最大7回 ログインボーナスをプレゼント！*
`QP X 2000000
霊脈石 X 1
`_2024-10-11 19:37:08_
--------
*3b839ce50e5388ae1e70883696c7efe2*
`登陆天数: 40天 / 1694天
等级: 129
石头: 3721
呼符: 19
体力: 19484.69 / 138
友情点: 0 / 1138660`
*連続ログイン5日目
※ログインが途切れるか、7日到達すると
1日目から再開されます*
`叡智の業火 X 2
10月交換券(2024) X 1
`*「10月開幕予定 期間限定イベント」直前ログインボーナス*
*開催期間中、1日1回 最大7回 ログインボーナスをプレゼント！*
`QP X 2000000
霊脈石 X 1
`_2024-10-11 19:37:16_
--------
