【登录信息】
*4b5176d7fc3bc906431fdca39588da94*
`登陆天数: 42天 / 1744天
等级: 129
石头: 3063
呼符: 9
体力: 38239.76666666667 / 138
友情点: 0 / 1386690`
*連続ログイン7日間到達おめでとうございます！
明日は1日目からリスタートされます。*
`獣の足跡 X 1
呼符 X 1
10月交換券(2024) X 1
`*「10月開幕予定 期間限定イベント」直前ログインボーナス*
*開催期間中、1日1回 最大7回 ログインボーナスをプレゼント！*
`英霊結晶・星のフォウくん X 5
霊脈石 X 1
`_2024-10-13 19:36:07_
--------
*1690c55967d905d64c7e181029b4ed22*
`登陆天数: 42天 / 1694天
等级: 129
石头: 3749
呼符: 20
体力: 35564.293333333335 / 138
友情点: 0 / 1296775`
*連続ログイン7日間到達おめでとうございます！
明日は1日目からリスタートされます。*
`獣の足跡 X 1
呼符 X 1
10月交換券(2024) X 1
`*「10月開幕予定 期間限定イベント」直前ログインボーナス*
*開催期間中、1日1回 最大7回 ログインボーナスをプレゼント！*
`英霊結晶・星のフォウくん X 5
霊脈石 X 1
`_2024-10-13 19:36:19_
--------
*3b839ce50e5388ae1e70883696c7efe2*
`登陆天数: 42天 / 1696天
等级: 129
石头: 3721
呼符: 19
体力: 20060.53 / 138
友情点: 0 / 1138660`
*連続ログイン7日間到達おめでとうございます！
明日は1日目からリスタートされます。*
`獣の足跡 X 1
呼符 X 1
10月交換券(2024) X 1
`*「10月開幕予定 期間限定イベント」直前ログインボーナス*
*開催期間中、1日1回 最大7回 ログインボーナスをプレゼント！*
`英霊結晶・星のフォウくん X 5
霊脈石 X 1
`_2024-10-13 19:36:27_
--------
