【登录信息】
*4b5176d7fc3bc906431fdca39588da94*
`登陆天数: 43天 / 1745天
等级: 129
石头: 3063
呼符: 9
体力: 38527.93 / 138
友情点: 0 / 1386690`
*連続ログイン1日目
※ログインが途切れるか、7日到達すると
1日目から再開されます*
`フレンドポイント X 2000
10月交換券(2024) X 1
`*「10月開幕予定 期間限定イベント」直前ログインボーナス*
*開催期間中、1日1回 最大7回 ログインボーナスをプレゼント！*
`英霊結晶・太陽のフォウくん X 5
霊脈石 X 1
`_2024-10-14 19:36:57_
--------
*1690c55967d905d64c7e181029b4ed22*
`登陆天数: 43天 / 1695天
等级: 129
石头: 3749
呼符: 20
体力: 35852.46 / 138
友情点: 0 / 1296775`
*連続ログイン1日目
※ログインが途切れるか、7日到達すると
1日目から再開されます*
`フレンドポイント X 2000
10月交換券(2024) X 1
`*「10月開幕予定 期間限定イベント」直前ログインボーナス*
*開催期間中、1日1回 最大7回 ログインボーナスをプレゼント！*
`英霊結晶・太陽のフォウくん X 5
霊脈石 X 1
`_2024-10-14 19:37:09_
--------
*3b839ce50e5388ae1e70883696c7efe2*
`登陆天数: 43天 / 1697天
等级: 129
石头: 3721
呼符: 19
体力: 20348.696666666667 / 138
友情点: 0 / 1138660`
*連続ログイン1日目
※ログインが途切れるか、7日到達すると
1日目から再開されます*
`フレンドポイント X 2000
10月交換券(2024) X 1
`*「10月開幕予定 期間限定イベント」直前ログインボーナス*
*開催期間中、1日1回 最大7回 ログインボーナスをプレゼント！*
`英霊結晶・太陽のフォウくん X 5
霊脈石 X 1
`_2024-10-14 19:37:17_
--------
