【登录信息】
*4b5176d7fc3bc906431fdca39588da94*
`登陆天数: 45天 / 1747天
等级: 129
石头: 3063
呼符: 9
体力: 39103.92333333333 / 138
友情点: 0 / 1386690`
*連続ログイン3日目
※ログインが途切れるか、7日到達すると
1日目から再開されます*
`叡智の業火 X 1
10月交換券(2024) X 1
`*Fate/Grand Order カルデア放送局 ライト版 ゲーム最新情報 配信記念 初回ログインボーナス*
*開催期間中、初回ログインで「聖晶石×14」をプレゼント！*
`聖晶石 X 14
`_2024-10-16 19:36:55_
--------
*1690c55967d905d64c7e181029b4ed22*
`登陆天数: 45天 / 1697天
等级: 129
石头: 3749
呼符: 20
体力: 36428.45 / 138
友情点: 0 / 1296775`
*連続ログイン3日目
※ログインが途切れるか、7日到達すると
1日目から再開されます*
`叡智の業火 X 1
10月交換券(2024) X 1
`*Fate/Grand Order カルデア放送局 ライト版 ゲーム最新情報 配信記念 初回ログインボーナス*
*開催期間中、初回ログインで「聖晶石×14」をプレゼント！*
`聖晶石 X 14
`_2024-10-16 19:37:06_
--------
*3b839ce50e5388ae1e70883696c7efe2*
`登陆天数: 45天 / 1699天
等级: 129
石头: 3721
呼符: 19
体力: 20924.68666666667 / 138
友情点: 0 / 1138660`
*連続ログイン3日目
※ログインが途切れるか、7日到達すると
1日目から再開されます*
`叡智の業火 X 1
10月交換券(2024) X 1
`*Fate/Grand Order カルデア放送局 ライト版 ゲーム最新情報 配信記念 初回ログインボーナス*
*開催期間中、初回ログインで「聖晶石×14」をプレゼント！*
`聖晶石 X 14
`_2024-10-16 19:37:14_
--------
