【登录信息】
*4b5176d7fc3bc906431fdca39588da94*
`登陆天数: 50天 / 1752天
等级: 129
石头: 3008
呼符: 0
体力: 40543.98333333333 / 138
友情点: 0 / 1394690`
*連続ログイン1日目
※ログインが途切れるか、7日到達すると
1日目から再開されます*
`フレンドポイント X 2000
10月交換券(2024) X 1
`*妖精双六虫籠遊戯 まだ見ぬ完璧なあなたへ 開幕記念 ログインボーナス*
*開催期間中、1日1回 最大78回 ログインボーナスをプレゼント！*
`白銀の果実 X 1
`_2024-10-21 19:37:12_
--------
*1690c55967d905d64c7e181029b4ed22*
`登陆天数: 50天 / 1702天
等级: 129
石头: 3749
呼符: 20
体力: 37868.51 / 138
友情点: 0 / 1296775`
*連続ログイン1日目
※ログインが途切れるか、7日到達すると
1日目から再開されます*
`フレンドポイント X 2000
10月交換券(2024) X 1
`*妖精双六虫籠遊戯 まだ見ぬ完璧なあなたへ 開幕記念 ログインボーナス*
*開催期間中、1日1回 最大78回 ログインボーナスをプレゼント！*
`白銀の果実 X 1
`_2024-10-21 19:37:24_
--------
*3b839ce50e5388ae1e70883696c7efe2*
`登陆天数: 50天 / 1704天
等级: 129
石头: 3721
呼符: 19
体力: 22364.746666666666 / 138
友情点: 0 / 1138660`
*連続ログイン1日目
※ログインが途切れるか、7日到達すると
1日目から再開されます*
`フレンドポイント X 2000
10月交換券(2024) X 1
`*妖精双六虫籠遊戯 まだ見ぬ完璧なあなたへ 開幕記念 ログインボーナス*
*開催期間中、1日1回 最大78回 ログインボーナスをプレゼント！*
`白銀の果実 X 1
`_2024-10-21 19:37:33_
--------
