【登录信息】
*4b5176d7fc3bc906431fdca39588da94*
`登陆天数: 52天 / 1754天
等级: 129
石头: 3008
呼符: 0
体力: 41119.99333333333 / 138
友情点: 0 / 1394690`
*連続ログイン3日目
※ログインが途切れるか、7日到達すると
1日目から再開されます*
`叡智の業火 X 1
10月交換券(2024) X 1
`*妖精双六虫籠遊戯 まだ見ぬ完璧なあなたへ 開幕記念 ログインボーナス*
*開催期間中、1日1回 最大78回 ログインボーナスをプレゼント！*
`白銀の果実 X 1
`_2024-10-23 19:37:16_
--------
*1690c55967d905d64c7e181029b4ed22*
`登陆天数: 52天 / 1704天
等级: 129
石头: 3749
呼符: 20
体力: 38444.52333333333 / 138
友情点: 0 / 1296775`
*連続ログイン3日目
※ログインが途切れるか、7日到達すると
1日目から再開されます*
`叡智の業火 X 1
10月交換券(2024) X 1
`*妖精双六虫籠遊戯 まだ見ぬ完璧なあなたへ 開幕記念 ログインボーナス*
*開催期間中、1日1回 最大78回 ログインボーナスをプレゼント！*
`白銀の果実 X 1
`_2024-10-23 19:37:28_
--------
*3b839ce50e5388ae1e70883696c7efe2*
`登陆天数: 52天 / 1706天
等级: 129
石头: 3721
呼符: 19
体力: 22940.76 / 138
友情点: 0 / 1138660`
*連続ログイン3日目
※ログインが途切れるか、7日到達すると
1日目から再開されます*
`叡智の業火 X 1
10月交換券(2024) X 1
`*妖精双六虫籠遊戯 まだ見ぬ完璧なあなたへ 開幕記念 ログインボーナス*
*開催期間中、1日1回 最大78回 ログインボーナスをプレゼント！*
`白銀の果実 X 1
`_2024-10-23 19:37:36_
--------
