【登录信息】
*4b5176d7fc3bc906431fdca39588da94*
`登陆天数: 53天 / 1755天
等级: 129
石头: 3008
呼符: 0
体力: 41407.89666666667 / 138
友情点: 0 / 1394690`
*連続ログイン4日目
※ログインが途切れるか、7日到達すると
1日目から再開されます*
`聖晶石 X 1
10月交換券(2024) X 1
`*妖精双六虫籠遊戯 まだ見ぬ完璧なあなたへ 開幕記念 ログインボーナス*
*開催期間中、1日1回 最大78回 ログインボーナスをプレゼント！*
`黄金の果実 X 1
`_2024-10-24 19:36:46_
--------
*1690c55967d905d64c7e181029b4ed22*
`登陆天数: 53天 / 1705天
等级: 129
石头: 3749
呼符: 20
体力: 38732.42333333333 / 138
友情点: 0 / 1296775`
*連続ログイン4日目
※ログインが途切れるか、7日到達すると
1日目から再開されます*
`聖晶石 X 1
10月交換券(2024) X 1
`*妖精双六虫籠遊戯 まだ見ぬ完璧なあなたへ 開幕記念 ログインボーナス*
*開催期間中、1日1回 最大78回 ログインボーナスをプレゼント！*
`黄金の果実 X 1
`_2024-10-24 19:36:58_
--------
*3b839ce50e5388ae1e70883696c7efe2*
`登陆天数: 53天 / 1707天
等级: 129
石头: 3721
呼符: 19
体力: 23228.66 / 138
友情点: 0 / 1138660`
*連続ログイン4日目
※ログインが途切れるか、7日到達すると
1日目から再開されます*
`聖晶石 X 1
10月交換券(2024) X 1
`*妖精双六虫籠遊戯 まだ見ぬ完璧なあなたへ 開幕記念 ログインボーナス*
*開催期間中、1日1回 最大78回 ログインボーナスをプレゼント！*
`黄金の果実 X 1
`_2024-10-24 19:37:06_
--------
