【登录信息】
*4b5176d7fc3bc906431fdca39588da94*
`登陆天数: 56天 / 1758天
等级: 129
石头: 3008
呼符: 0
体力: 42271.973333333335 / 138
友情点: 0 / 1394690`
*連続ログイン7日間到達おめでとうございます！
明日は1日目からリスタートされます。*
`獣の足跡 X 1
呼符 X 1
10月交換券(2024) X 1
`*妖精双六虫籠遊戯 まだ見ぬ完璧なあなたへ 開幕記念 ログインボーナス*
*開催期間中、1日1回 最大78回 ログインボーナスをプレゼント！*
`白銀の果実 X 1
`_2024-10-27 19:37:10_
--------
*1690c55967d905d64c7e181029b4ed22*
`登陆天数: 56天 / 1708天
等级: 129
石头: 3749
呼符: 20
体力: 39596.503333333334 / 138
友情点: 0 / 1296775`
*連続ログイン7日間到達おめでとうございます！
明日は1日目からリスタートされます。*
`獣の足跡 X 1
呼符 X 1
10月交換券(2024) X 1
`*妖精双六虫籠遊戯 まだ見ぬ完璧なあなたへ 開幕記念 ログインボーナス*
*開催期間中、1日1回 最大78回 ログインボーナスをプレゼント！*
`白銀の果実 X 1
`_2024-10-27 19:37:22_
--------
*3b839ce50e5388ae1e70883696c7efe2*
`登陆天数: 56天 / 1710天
等级: 129
石头: 3721
呼符: 19
体力: 24092.74 / 138
友情点: 0 / 1138660`
*連続ログイン7日間到達おめでとうございます！
明日は1日目からリスタートされます。*
`獣の足跡 X 1
呼符 X 1
10月交換券(2024) X 1
`*妖精双六虫籠遊戯 まだ見ぬ完璧なあなたへ 開幕記念 ログインボーナス*
*開催期間中、1日1回 最大78回 ログインボーナスをプレゼント！*
`白銀の果実 X 1
`_2024-10-27 19:37:31_
--------
