【登录信息】
*4b5176d7fc3bc906431fdca39588da94*
`登陆天数: 59天 / 1761天
等级: 129
石头: 3008
呼符: 0
体力: 43135.97 / 138
友情点: 0 / 1394690`
*連続ログイン3日目
※ログインが途切れるか、7日到達すると
1日目から再開されます*
`叡智の業火 X 1
10月交換券(2024) X 1
`*秋の戦力増強キャンペーン特別ログインボーナス！*
*開催期間中、1日1回 最大7回 ログインボーナスをプレゼント！*
`叡智の業火 X 3
`_2024-10-30 19:37:08_
--------
*1690c55967d905d64c7e181029b4ed22*
`登陆天数: 59天 / 1711天
等级: 129
石头: 3749
呼符: 20
体力: 40460.496666666666 / 138
友情点: 0 / 1296775`
*連続ログイン3日目
※ログインが途切れるか、7日到達すると
1日目から再開されます*
`叡智の業火 X 1
10月交換券(2024) X 1
`*秋の戦力増強キャンペーン特別ログインボーナス！*
*開催期間中、1日1回 最大7回 ログインボーナスをプレゼント！*
`叡智の業火 X 3
`_2024-10-30 19:37:20_
--------
*3b839ce50e5388ae1e70883696c7efe2*
`登陆天数: 59天 / 1713天
等级: 129
石头: 3721
呼符: 19
体力: 24956.733333333334 / 138
友情点: 0 / 1138660`
*連続ログイン3日目
※ログインが途切れるか、7日到達すると
1日目から再開されます*
`叡智の業火 X 1
10月交換券(2024) X 1
`*秋の戦力増強キャンペーン特別ログインボーナス！*
*開催期間中、1日1回 最大7回 ログインボーナスをプレゼント！*
`叡智の業火 X 3
`_2024-10-30 19:37:28_
--------
